[453.058]     src/laser.cpp 16 buffer
[453.058]     src/debug.cpp 269 disp_general_window
[453.058]     src/debug.cpp 309 disp_console_window
[453.058]     Balise : Wait next frame...
[453.058]     src/music.cpp 181 _process_record
[453.058]     src/music.cpp 181 _process_record
[453.058]     src/main.cpp 121 main
[453.058]     Balise : ----------------------------Start new frame...
[453.083]     Balise : Record & process sample...
[453.083]     src/music.cpp 149 update
[453.083]     src/music.cpp 205 _update_beats
[453.083]     src/music.cpp 232 _update_state
[453.083]     src/music.cpp 300 _update_beat_threshold
[453.083]     Balise : Run animator...
[453.083]     Balise : Compute new frames...
[453.083]     LEDs : new frame for PIX.6.2.1
[453.083]     Balise : Addr LED Ani1 New frames...
[453.083]     Balise : Addr LED Ani1 New frames 1
[453.083]     Laser : new frame for LAS.0
[453.083]     src/laser.cpp 145 new_frame
[453.083]     Front Rack : new frame for FR.1.3.2
[453.083]     src/spot.cpp 692 new_frame
[453.083]     Vert. Beams : new frame for R15.0
[453.083]     src/spot.cpp 692 new_frame
[453.083]     Rack 2 : new frame for R40.0
[453.083]     src/spot.cpp 692 new_frame
[453.083]     SHEHDS Rack : new frame for BR2.0
[453.083]     src/spot.cpp 692 new_frame
[453.083]     Spider : new frame for SPI.0.0
[453.083]     src/spider.cpp 183 new_frame
[453.083]     Balise : Compute new spider1 frame
[453.083]     Redrayz : new frame for RED.2.4.2
[453.083]     Balise : fausse balise
[453.083]     Balise : Send frame...
[453.083]     Balise : Construct & send buffer for classical fixtures
[453.083]     src/spider.cpp 113 buffer
[453.083]     src/laser.cpp 16 buffer
[453.083]     Balise : Construct & send buffer for artnet pixels
[453.083]     Balise : Debug...
[453.083]     src/debug.cpp 367 display_curse
[453.083]     src/debug.cpp 81 disp_music_window
[453.083]     src/debug.cpp 238 disp_animation_window
[453.083]     src/debug.cpp 193 disp_output_window
[453.083]     src/laser.cpp 16 buffer
[453.083]     src/debug.cpp 269 disp_general_window
[453.083]     src/debug.cpp 309 disp_console_window
[453.083]     Balise : Wait next frame...
[453.083]     src/music.cpp 181 _process_record
[453.083]     src/music.cpp 181 _process_record
[453.083]     src/main.cpp 121 main
[453.083]     Balise : ----------------------------Start new frame...
[453.108]     Balise : Record & process sample...
[453.108]     src/music.cpp 149 update
[453.108]     src/music.cpp 205 _update_beats
[453.108]     src/music.cpp 232 _update_state
[453.108]     src/music.cpp 300 _update_beat_threshold
[453.108]     Balise : Run animator...
[453.108]     Balise : Compute new frames...
[453.108]     LEDs : new frame for PIX.6.2.1
[453.108]     Balise : Addr LED Ani1 New frames...
[453.108]     Balise : Addr LED Ani1 New frames 1
[453.108]     Laser : new frame for LAS.0
[453.108]     src/laser.cpp 145 new_frame
[453.108]     Front Rack : new frame for FR.1.3.2
[453.108]     src/spot.cpp 692 new_frame
[453.108]     Vert. Beams : new frame for R15.0
[453.108]     src/spot.cpp 692 new_frame
[453.108]     Rack 2 : new frame for R40.0
[453.108]     src/spot.cpp 692 new_frame
[453.108]     SHEHDS Rack : new frame for BR2.0
[453.108]     src/spot.cpp 692 new_frame
[453.108]     Spider : new frame for SPI.0.0
[453.108]     src/spider.cpp 183 new_frame
[453.108]     Balise : Compute new spider1 frame
[453.108]     Redrayz : new frame for RED.2.4.2
[453.108]     Balise : fausse balise
[453.108]     Balise : Send frame...
[453.108]     Balise : Construct & send buffer for classical fixtures
[453.108]     src/spider.cpp 113 buffer
[453.108]     src/laser.cpp 16 buffer
[453.108]     Balise : Construct & send buffer for artnet pixels
[453.108]     Balise : Debug...
[453.108]     src/debug.cpp 367 display_curse
[453.108]     src/debug.cpp 81 disp_music_window
[453.108]     src/debug.cpp 238 disp_animation_window
[453.108]     src/debug.cpp 193 disp_output_window
[453.108]     src/laser.cpp 16 buffer
[453.108]     src/debug.cpp 269 disp_general_window
[453.108]     src/debug.cpp 309 disp_console_window
[453.108]     Balise : Wait next frame...
[453.108]     src/music.cpp 181 _process_record
[453.108]     src/music.cpp 181 _process_record
[453.108]     src/main.cpp 121 main
[453.108]     Balise : ----------------------------Start new frame...
[453.133]     Balise : Record & process sample...
[453.133]     src/music.cpp 149 update
[453.133]     src/music.cpp 205 _update_beats
[453.133]     src/music.cpp 232 _update_state
[453.133]     src/music.cpp 300 _update_beat_threshold
[453.133]     Balise : Run animator...
[453.133]     Balise : Compute new frames...
[453.133]     LEDs : new frame for PIX.6.2.1
[453.133]     Balise : Addr LED Ani1 New frames...
[453.133]     Balise : Addr LED Ani1 New frames 1
[453.133]     Laser : new frame for LAS.0
[453.133]     src/laser.cpp 145 new_frame
[453.133]     Front Rack : new frame for FR.1.3.2
[453.133]     src/spot.cpp 692 new_frame
[453.133]     Vert. Beams : new frame for R15.0
[453.133]     src/spot.cpp 692 new_frame
[453.133]     Rack 2 : new frame for R40.0
[453.133]     src/spot.cpp 692 new_frame
[453.133]     SHEHDS Rack : new frame for BR2.0
[453.133]     src/spot.cpp 692 new_frame
[453.133]     Spider : new frame for SPI.0.0
[453.133]     src/spider.cpp 183 new_frame
[453.133]     Balise : Compute new spider1 frame
[453.133]     Redrayz : new frame for RED.2.4.2
[453.133]     Balise : fausse balise
[453.133]     Balise : Send frame...
[453.133]     Balise : Construct & send buffer for classical fixtures
[453.133]     src/spider.cpp 113 buffer
[453.133]     src/laser.cpp 16 buffer
[453.133]     Balise : Construct & send buffer for artnet pixels
[453.133]     Balise : Debug...
[453.133]     src/debug.cpp 367 display_curse
[453.133]     src/debug.cpp 81 disp_music_window
[453.133]     src/debug.cpp 238 disp_animation_window
[453.133]     src/debug.cpp 193 disp_output_window
[453.133]     src/music.cpp 181 _process_record
[453.133]     src/laser.cpp 16 buffer
[453.133]     src/debug.cpp 269 disp_general_window
[453.133]     src/debug.cpp 309 disp_console_window
[453.133]     Balise : Wait next frame...
[453.133]     src/music.cpp 181 _process_record
[453.133]     src/music.cpp 181 _process_record
[453.133]     src/main.cpp 121 main
[453.133]     Balise : ----------------------------Start new frame...
[453.158]     Balise : Record & process sample...
[453.158]     src/music.cpp 149 update
[453.158]     src/music.cpp 205 _update_beats
[453.158]     src/music.cpp 232 _update_state
[453.158]     src/music.cpp 300 _update_beat_threshold
[453.158]     Balise : Run animator...
[453.158]     Balise : Compute new frames...
[453.158]     LEDs : new frame for PIX.6.2.1
[453.158]     Balise : Addr LED Ani1 New frames...
[453.158]     Balise : Addr LED Ani1 New frames 1
[453.158]     Laser : new frame for LAS.0
[453.158]     src/laser.cpp 145 new_frame
[453.158]     Front Rack : new frame for FR.1.3.2
[453.158]     src/spot.cpp 692 new_frame
[453.158]     Vert. Beams : new frame for R15.0
[453.158]     src/spot.cpp 692 new_frame
[453.158]     Rack 2 : new frame for R40.0
[453.158]     src/spot.cpp 692 new_frame
[453.158]     SHEHDS Rack : new frame for BR2.0
[453.158]     src/spot.cpp 692 new_frame
[453.158]     Spider : new frame for SPI.0.0
[453.158]     src/spider.cpp 183 new_frame
[453.158]     Balise : Compute new spider1 frame
[453.158]     Redrayz : new frame for RED.2.4.2
[453.158]     Balise : fausse balise
[453.158]     Balise : Send frame...
[453.158]     Balise : Construct & send buffer for classical fixtures
[453.158]     src/spider.cpp 113 buffer
[453.158]     src/laser.cpp 16 buffer
[453.158]     Balise : Construct & send buffer for artnet pixels
[453.158]     Balise : Debug...
[453.158]     src/debug.cpp 367 display_curse
[453.158]     src/debug.cpp 81 disp_music_window
[453.158]     src/debug.cpp 238 disp_animation_window
[453.158]     src/debug.cpp 193 disp_output_window
[453.158]     src/laser.cpp 16 buffer
[453.158]     src/debug.cpp 269 disp_general_window
[453.158]     src/debug.cpp 309 disp_console_window
[453.158]     Balise : Wait next frame...
[453.158]     src/music.cpp 181 _process_record
[453.158]     src/music.cpp 181 _process_record
[453.158]     src/main.cpp 121 main
[453.158]     Balise : ----------------------------Start new frame...
[453.183]     Balise : Record & process sample...
[453.183]     src/music.cpp 149 update
[453.183]     src/music.cpp 205 _update_beats
[453.183]     src/music.cpp 232 _update_state
[453.183]     src/music.cpp 300 _update_beat_threshold
[453.183]     Balise : Run animator...
[453.183]     Balise : Compute new frames...
[453.183]     LEDs : new frame for PIX.6.2.1
[453.183]     Balise : Addr LED Ani1 New frames...
[453.183]     Balise : Addr LED Ani1 New frames 1
[453.183]     Laser : new frame for LAS.0
[453.183]     src/laser.cpp 145 new_frame
[453.183]     Front Rack : new frame for FR.1.3.2
[453.183]     src/spot.cpp 692 new_frame
[453.183]     Vert. Beams : new frame for R15.0
[453.183]     src/spot.cpp 692 new_frame
[453.183]     Rack 2 : new frame for R40.0
[453.183]     src/spot.cpp 692 new_frame
[453.183]     SHEHDS Rack : new frame for BR2.0
[453.183]     src/spot.cpp 692 new_frame
[453.183]     Spider : new frame for SPI.0.0
[453.183]     src/spider.cpp 183 new_frame
[453.183]     Balise : Compute new spider1 frame
[453.183]     Redrayz : new frame for RED.2.4.2
[453.183]     Balise : fausse balise
[453.183]     Balise : Send frame...
[453.183]     Balise : Construct & send buffer for classical fixtures
[453.183]     src/spider.cpp 113 buffer
[453.183]     src/laser.cpp 16 buffer
[453.183]     Balise : Construct & send buffer for artnet pixels
[453.183]     Balise : Debug...
[453.183]     src/debug.cpp 367 display_curse
[453.183]     src/debug.cpp 81 disp_music_window
[453.183]     src/debug.cpp 238 disp_animation_window
[453.183]     src/debug.cpp 193 disp_output_window
[453.183]     src/laser.cpp 16 buffer
[453.183]     src/debug.cpp 269 disp_general_window
[453.183]     src/debug.cpp 309 disp_console_window
[453.183]     Balise : Wait next frame...
[453.183]     src/music.cpp 181 _process_record
[453.183]     src/music.cpp 181 _process_record
[453.183]     src/main.cpp 121 main
[453.183]     Balise : ----------------------------Start new frame...
[453.208]     Balise : Record & process sample...
[453.208]     src/music.cpp 149 update
[453.208]     src/music.cpp 205 _update_beats
[453.208]     src/music.cpp 232 _update_state
[453.208]     src/music.cpp 300 _update_beat_threshold
[453.208]     Balise : Run animator...
[453.208]     Balise : Compute new frames...
[453.208]     LEDs : new frame for PIX.6.2.1
[453.208]     Balise : Addr LED Ani1 New frames...
[453.208]     Balise : Addr LED Ani1 New frames 1
[453.208]     Laser : new frame for LAS.0
[453.208]     src/laser.cpp 145 new_frame
[453.208]     Front Rack : new frame for FR.1.3.2
[453.208]     src/spot.cpp 692 new_frame
[453.208]     Vert. Beams : new frame for R15.0
[453.208]     src/spot.cpp 692 new_frame
[453.208]     Rack 2 : new frame for R40.0
[453.208]     src/spot.cpp 692 new_frame
[453.208]     SHEHDS Rack : new frame for BR2.0
[453.208]     src/spot.cpp 692 new_frame
[453.208]     Spider : new frame for SPI.0.0
[453.208]     src/spider.cpp 183 new_frame
[453.208]     Balise : Compute new spider1 frame
[453.208]     Redrayz : new frame for RED.2.4.2
[453.208]     Balise : fausse balise
[453.208]     Balise : Send frame...
[453.208]     Balise : Construct & send buffer for classical fixtures
[453.208]     src/spider.cpp 113 buffer
[453.208]     src/laser.cpp 16 buffer
[453.208]     Balise : Construct & send buffer for artnet pixels
[453.208]     Balise : Debug...
[453.208]     src/debug.cpp 367 display_curse
[453.208]     src/debug.cpp 81 disp_music_window
[453.208]     src/debug.cpp 238 disp_animation_window
[453.208]     src/debug.cpp 193 disp_output_window
[453.208]     src/music.cpp 181 _process_record
[453.208]     src/laser.cpp 16 buffer
[453.208]     src/debug.cpp 269 disp_general_window
[453.208]     src/debug.cpp 309 disp_console_window
[453.208]     Balise : Wait next frame...
[453.208]     src/music.cpp 181 _process_record
[453.208]     src/music.cpp 181 _process_record
[453.208]     src/main.cpp 121 main
[453.208]     Balise : ----------------------------Start new frame...
[453.233]     Balise : Record & process sample...
[453.233]     src/music.cpp 149 update
[453.233]     src/music.cpp 205 _update_beats
[453.233]     src/music.cpp 232 _update_state
[453.233]     src/music.cpp 300 _update_beat_threshold
[453.233]     Balise : Run animator...
[453.233]     Balise : Compute new frames...
[453.233]     LEDs : new frame for PIX.6.2.1
[453.233]     Balise : Addr LED Ani1 New frames...
[453.233]     Balise : Addr LED Ani1 New frames 1
[453.233]     Laser : new frame for LAS.0
[453.233]     src/laser.cpp 145 new_frame
[453.233]     Front Rack : new frame for FR.1.3.2
[453.233]     src/spot.cpp 692 new_frame
[453.233]     Vert. Beams : new frame for R15.0
[453.233]     src/spot.cpp 692 new_frame
[453.233]     Rack 2 : new frame for R40.0
[453.233]     src/spot.cpp 692 new_frame
[453.233]     SHEHDS Rack : new frame for BR2.0
[453.233]     src/spot.cpp 692 new_frame
[453.233]     Spider : new frame for SPI.0.0
[453.233]     src/spider.cpp 183 new_frame
[453.233]     Balise : Compute new spider1 frame
[453.233]     Redrayz : new frame for RED.2.4.2
[453.233]     Balise : fausse balise
[453.233]     Balise : Send frame...
[453.233]     Balise : Construct & send buffer for classical fixtures
[453.233]     src/spider.cpp 113 buffer
[453.233]     src/laser.cpp 16 buffer
[453.233]     Balise : Construct & send buffer for artnet pixels
[453.233]     Balise : Debug...
[453.233]     src/debug.cpp 367 display_curse
[453.233]     src/debug.cpp 81 disp_music_window
[453.233]     src/debug.cpp 238 disp_animation_window
[453.233]     src/debug.cpp 193 disp_output_window
[453.233]     src/laser.cpp 16 buffer
[453.233]     src/debug.cpp 269 disp_general_window
[453.233]     src/debug.cpp 309 disp_console_window
[453.233]     Balise : Wait next frame...
[453.233]     src/music.cpp 181 _process_record
[453.233]     src/music.cpp 181 _process_record
[453.233]     src/main.cpp 121 main
[453.233]     Balise : ----------------------------Start new frame...
[453.259]     Balise : Record & process sample...
[453.259]     src/music.cpp 149 update
[453.259]     src/music.cpp 205 _update_beats
[453.259]     src/music.cpp 232 _update_state
[453.259]     src/music.cpp 300 _update_beat_threshold
[453.259]     Balise : Run animator...
[453.259]     Balise : Compute new frames...
[453.259]     LEDs : new frame for PIX.6.2.1
[453.259]     Balise : Addr LED Ani1 New frames...
[453.259]     Balise : Addr LED Ani1 New frames 1
[453.259]     Laser : new frame for LAS.0
[453.259]     src/laser.cpp 145 new_frame
[453.259]     Front Rack : new frame for FR.1.3.2
[453.259]     src/spot.cpp 692 new_frame
[453.259]     Vert. Beams : new frame for R15.0
[453.259]     src/spot.cpp 692 new_frame
[453.259]     Rack 2 : new frame for R40.0
[453.259]     src/spot.cpp 692 new_frame
[453.259]     SHEHDS Rack : new frame for BR2.0
[453.259]     src/spot.cpp 692 new_frame
[453.259]     Spider : new frame for SPI.0.0
[453.259]     src/spider.cpp 183 new_frame
[453.259]     Balise : Compute new spider1 frame
[453.259]     Redrayz : new frame for RED.2.4.2
[453.259]     Balise : fausse balise
[453.259]     Balise : Send frame...
[453.259]     Balise : Construct & send buffer for classical fixtures
[453.259]     src/spider.cpp 113 buffer
[453.259]     src/laser.cpp 16 buffer
[453.259]     Balise : Construct & send buffer for artnet pixels
[453.259]     Balise : Debug...
[453.259]     src/debug.cpp 367 display_curse
[453.259]     src/debug.cpp 81 disp_music_window
[453.259]     src/debug.cpp 238 disp_animation_window
[453.259]     src/debug.cpp 193 disp_output_window
[453.259]     src/laser.cpp 16 buffer
[453.259]     src/debug.cpp 269 disp_general_window
[453.259]     src/debug.cpp 309 disp_console_window
[453.259]     Balise : Wait next frame...
[453.259]     src/music.cpp 181 _process_record
[453.259]     src/music.cpp 181 _process_record
[453.259]     src/main.cpp 121 main
[453.259]     Balise : ----------------------------Start new frame...
[453.284]     Balise : Record & process sample...
[453.284]     src/music.cpp 149 update
[453.284]     src/music.cpp 205 _update_beats
[453.284]     src/music.cpp 232 _update_state
[453.284]     src/music.cpp 300 _update_beat_threshold
[453.284]     Balise : Run animator...
[453.284]     Balise : Compute new frames...
[453.284]     LEDs : new frame for PIX.6.2.1
[453.284]     Balise : Addr LED Ani1 New frames...
[453.284]     Balise : Addr LED Ani1 New frames 1
[453.284]     Laser : new frame for LAS.0
[453.284]     src/laser.cpp 145 new_frame
[453.284]     Front Rack : new frame for FR.1.3.2
[453.284]     src/spot.cpp 692 new_frame
[453.284]     Vert. Beams : new frame for R15.0
[453.284]     src/spot.cpp 692 new_frame
[453.284]     Rack 2 : new frame for R40.0
[453.284]     src/spot.cpp 692 new_frame
[453.284]     SHEHDS Rack : new frame for BR2.0
[453.284]     src/spot.cpp 692 new_frame
[453.284]     Spider : new frame for SPI.0.0
[453.284]     src/spider.cpp 183 new_frame
[453.284]     Balise : Compute new spider1 frame
[453.284]     Redrayz : new frame for RED.2.4.2
[453.284]     Balise : fausse balise
[453.284]     Balise : Send frame...
[453.284]     Balise : Construct & send buffer for classical fixtures
[453.284]     src/spider.cpp 113 buffer
[453.284]     src/laser.cpp 16 buffer
[453.284]     Balise : Construct & send buffer for artnet pixels
[453.284]     Balise : Debug...
[453.284]     src/debug.cpp 367 display_curse
[453.284]     src/debug.cpp 81 disp_music_window
[453.284]     src/debug.cpp 238 disp_animation_window
[453.284]     src/debug.cpp 193 disp_output_window
[453.284]     src/music.cpp 181 _process_record
[453.284]     src/laser.cpp 16 buffer
[453.284]     src/debug.cpp 269 disp_general_window
[453.284]     src/debug.cpp 309 disp_console_window
[453.284]     Balise : Wait next frame...
[453.284]     src/music.cpp 181 _process_record
[453.284]     src/music.cpp 181 _process_record
[453.284]     src/main.cpp 121 main
[453.284]     Balise : ----------------------------Start new frame...
[453.309]     Balise : Record & process sample...
[453.309]     src/music.cpp 149 update
[453.309]     src/music.cpp 205 _update_beats
[453.309]     src/music.cpp 232 _update_state
[453.309]     src/music.cpp 300 _update_beat_threshold
[453.309]     Balise : Run animator...
[453.309]     Balise : Compute new frames...
[453.309]     LEDs : new frame for PIX.6.2.1
[453.309]     Balise : Addr LED Ani1 New frames...
[453.309]     Balise : Addr LED Ani1 New frames 1
[453.309]     Laser : new frame for LAS.0
[453.309]     src/laser.cpp 145 new_frame
[453.309]     Front Rack : new frame for FR.1.3.2
[453.309]     src/spot.cpp 692 new_frame
[453.309]     Vert. Beams : new frame for R15.0
[453.309]     src/spot.cpp 692 new_frame
[453.309]     Rack 2 : new frame for R40.0
[453.309]     src/spot.cpp 692 new_frame
[453.309]     SHEHDS Rack : new frame for BR2.0
[453.309]     src/spot.cpp 692 new_frame
[453.309]     Spider : new frame for SPI.0.0
[453.309]     src/spider.cpp 183 new_frame
[453.309]     Balise : Compute new spider1 frame
[453.309]     Redrayz : new frame for RED.2.4.2
[453.309]     Balise : fausse balise
[453.309]     Balise : Send frame...
[453.309]     Balise : Construct & send buffer for classical fixtures
[453.309]     src/spider.cpp 113 buffer
[453.309]     src/laser.cpp 16 buffer
[453.309]     Balise : Construct & send buffer for artnet pixels
[453.309]     Balise : Debug...
[453.309]     src/debug.cpp 367 display_curse
[453.309]     src/debug.cpp 81 disp_music_window
[453.309]     src/debug.cpp 238 disp_animation_window
[453.309]     src/debug.cpp 193 disp_output_window
[453.309]     src/laser.cpp 16 buffer
[453.309]     src/debug.cpp 269 disp_general_window
[453.309]     src/debug.cpp 309 disp_console_window
[453.309]     Balise : Wait next frame...
[453.309]     src/music.cpp 181 _process_record
[453.309]     src/music.cpp 181 _process_record
[453.309]     src/main.cpp 121 main
[453.309]     Balise : ----------------------------Start new frame...
[453.334]     Balise : Record & process sample...
[453.334]     src/music.cpp 149 update
[453.334]     src/music.cpp 205 _update_beats
[453.334]     src/music.cpp 232 _update_state
[453.334]     src/music.cpp 300 _update_beat_threshold
[453.334]     Balise : Run animator...
[453.334]     Balise : Compute new frames...
[453.334]     LEDs : new frame for PIX.6.2.1
[453.334]     Balise : Addr LED Ani1 New frames...
[453.334]     Balise : Addr LED Ani1 New frames 1
[453.334]     Laser : new frame for LAS.0
[453.334]     src/laser.cpp 145 new_frame
[453.334]     Front Rack : new frame for FR.1.3.2
[453.334]     src/spot.cpp 692 new_frame
[453.334]     Vert. Beams : new frame for R15.0
[453.334]     src/spot.cpp 692 new_frame
[453.334]     Rack 2 : new frame for R40.0
[453.334]     src/spot.cpp 692 new_frame
[453.334]     SHEHDS Rack : new frame for BR2.0
[453.334]     src/spot.cpp 692 new_frame
[453.334]     Spider : new frame for SPI.0.0
[453.334]     src/spider.cpp 183 new_frame
[453.334]     Balise : Compute new spider1 frame
[453.334]     Redrayz : new frame for RED.2.4.2
[453.334]     Balise : fausse balise
[453.334]     Balise : Send frame...
[453.334]     Balise : Construct & send buffer for classical fixtures
[453.334]     src/spider.cpp 113 buffer
[453.334]     src/laser.cpp 16 buffer
[453.334]     Balise : Construct & send buffer for artnet pixels
[453.334]     Balise : Debug...
[453.334]     src/debug.cpp 367 display_curse
[453.334]     src/debug.cpp 81 disp_music_window
[453.334]     src/debug.cpp 238 disp_animation_window
[453.334]     src/debug.cpp 193 disp_output_window
[453.334]     src/laser.cpp 16 buffer
[453.334]     src/debug.cpp 269 disp_general_window
[453.334]     src/debug.cpp 309 disp_console_window
[453.334]     Balise : Wait next frame...
[453.334]     src/music.cpp 181 _process_record
[453.334]     src/music.cpp 181 _process_record
[453.334]     src/main.cpp 121 main
[453.334]     Balise : ----------------------------Start new frame...
[453.359]     Balise : Record & process sample...
[453.359]     src/music.cpp 149 update
[453.359]     src/music.cpp 205 _update_beats
[453.359]     src/music.cpp 232 _update_state
[453.359]     src/music.cpp 300 _update_beat_threshold
[453.359]     Balise : Run animator...
[453.359]     Balise : Compute new frames...
[453.359]     LEDs : new frame for PIX.6.2.1
[453.359]     Balise : Addr LED Ani1 New frames...
[453.359]     Balise : Addr LED Ani1 New frames 1
[453.359]     Laser : new frame for LAS.0
[453.359]     src/laser.cpp 145 new_frame
[453.359]     Front Rack : new frame for FR.1.3.2
[453.359]     src/spot.cpp 692 new_frame
[453.359]     Vert. Beams : new frame for R15.0
[453.359]     src/spot.cpp 692 new_frame
[453.359]     Rack 2 : new frame for R40.0
[453.359]     src/spot.cpp 692 new_frame
[453.359]     SHEHDS Rack : new frame for BR2.0
[453.359]     src/spot.cpp 692 new_frame
[453.359]     Spider : new frame for SPI.0.0
[453.359]     src/spider.cpp 183 new_frame
[453.359]     Balise : Compute new spider1 frame
[453.359]     Redrayz : new frame for RED.2.4.2
[453.359]     Balise : fausse balise
[453.359]     Balise : Send frame...
[453.359]     Balise : Construct & send buffer for classical fixtures
[453.359]     src/spider.cpp 113 buffer
[453.359]     src/laser.cpp 16 buffer
[453.359]     Balise : Construct & send buffer for artnet pixels
[453.359]     Balise : Debug...
[453.359]     src/debug.cpp 367 display_curse
[453.359]     src/debug.cpp 81 disp_music_window
[453.359]     src/debug.cpp 238 disp_animation_window
[453.359]     src/debug.cpp 193 disp_output_window
[453.359]     src/music.cpp 181 _process_record
[453.359]     src/laser.cpp 16 buffer
[453.359]     src/debug.cpp 269 disp_general_window
[453.359]     src/debug.cpp 309 disp_console_window
[453.359]     Balise : Wait next frame...
[453.359]     src/music.cpp 181 _process_record
[453.359]     src/music.cpp 181 _process_record
[453.359]     src/main.cpp 121 main
[453.359]     Balise : ----------------------------Start new frame...
[453.384]     Balise : Record & process sample...
[453.384]     src/music.cpp 149 update
[453.384]     src/music.cpp 205 _update_beats
[453.384]     src/music.cpp 232 _update_state
[453.384]     src/music.cpp 300 _update_beat_threshold
[453.384]     Balise : Run animator...
[453.384]     Balise : Compute new frames...
[453.384]     LEDs : new frame for PIX.6.2.1
[453.384]     Balise : Addr LED Ani1 New frames...
[453.384]     Balise : Addr LED Ani1 New frames 1
[453.384]     Laser : new frame for LAS.0
[453.384]     src/laser.cpp 145 new_frame
[453.384]     Front Rack : new frame for FR.1.3.2
[453.384]     src/spot.cpp 692 new_frame
[453.384]     Vert. Beams : new frame for R15.0
[453.384]     src/spot.cpp 692 new_frame
[453.384]     Rack 2 : new frame for R40.0
[453.384]     src/spot.cpp 692 new_frame
[453.384]     SHEHDS Rack : new frame for BR2.0
[453.384]     src/spot.cpp 692 new_frame
[453.384]     Spider : new frame for SPI.0.0
[453.384]     src/spider.cpp 183 new_frame
[453.384]     Balise : Compute new spider1 frame
[453.384]     Redrayz : new frame for RED.2.4.2
[453.384]     Balise : fausse balise
[453.384]     Balise : Send frame...
[453.384]     Balise : Construct & send buffer for classical fixtures
[453.384]     src/spider.cpp 113 buffer
[453.384]     src/laser.cpp 16 buffer
[453.384]     Balise : Construct & send buffer for artnet pixels
[453.384]     Balise : Debug...
[453.384]     src/debug.cpp 367 display_curse
[453.384]     src/debug.cpp 81 disp_music_window
[453.384]     src/debug.cpp 238 disp_animation_window
[453.384]     src/debug.cpp 193 disp_output_window
[453.384]     src/laser.cpp 16 buffer
[453.384]     src/debug.cpp 269 disp_general_window
[453.384]     src/debug.cpp 309 disp_console_window
[453.384]     Balise : Wait next frame...
[453.384]     src/music.cpp 181 _process_record
[453.384]     src/music.cpp 181 _process_record
[453.384]     src/main.cpp 121 main
[453.384]     Balise : ----------------------------Start new frame...
[453.409]     Balise : Record & process sample...
[453.409]     src/music.cpp 149 update
[453.409]     src/music.cpp 205 _update_beats
[453.409]     src/music.cpp 232 _update_state
[453.409]     src/music.cpp 300 _update_beat_threshold
[453.409]     Balise : Run animator...
[453.409]     Balise : Compute new frames...
[453.409]     LEDs : new frame for PIX.6.2.1
[453.409]     Balise : Addr LED Ani1 New frames...
[453.409]     Balise : Addr LED Ani1 New frames 1
[453.409]     Laser : new frame for LAS.0
[453.409]     src/laser.cpp 145 new_frame
[453.409]     Front Rack : new frame for FR.1.3.2
[453.409]     src/spot.cpp 692 new_frame
[453.409]     Vert. Beams : new frame for R15.0
[453.409]     src/spot.cpp 692 new_frame
[453.409]     Rack 2 : new frame for R40.0
[453.409]     src/spot.cpp 692 new_frame
[453.409]     SHEHDS Rack : new frame for BR2.0
[453.409]     src/spot.cpp 692 new_frame
[453.409]     Spider : new frame for SPI.0.0
[453.409]     src/spider.cpp 183 new_frame
[453.409]     Balise : Compute new spider1 frame
[453.409]     Redrayz : new frame for RED.2.4.2
[453.409]     Balise : fausse balise
[453.409]     Balise : Send frame...
[453.409]     Balise : Construct & send buffer for classical fixtures
[453.409]     src/spider.cpp 113 buffer
[453.409]     src/laser.cpp 16 buffer
[453.409]     Balise : Construct & send buffer for artnet pixels
[453.409]     Balise : Debug...
[453.409]     src/debug.cpp 367 display_curse
[453.409]     src/debug.cpp 81 disp_music_window
[453.409]     src/debug.cpp 238 disp_animation_window
[453.409]     src/debug.cpp 193 disp_output_window
[453.409]     src/laser.cpp 16 buffer
[453.409]     src/debug.cpp 269 disp_general_window
[453.409]     src/debug.cpp 309 disp_console_window
[453.409]     Balise : Wait next frame...
[453.409]     src/music.cpp 181 _process_record
[453.409]     src/music.cpp 181 _process_record
[453.409]     src/main.cpp 121 main
[453.409]     Balise : ----------------------------Start new frame...
[453.434]     Balise : Record & process sample...
[453.434]     src/music.cpp 149 update
[453.434]     src/music.cpp 205 _update_beats
[453.434]     src/music.cpp 232 _update_state
[453.434]     src/music.cpp 300 _update_beat_threshold
[453.434]     Balise : Run animator...
[453.434]     Balise : Compute new frames...
[453.434]     LEDs : new frame for PIX.6.2.1
[453.434]     Balise : Addr LED Ani1 New frames...
[453.434]     Balise : Addr LED Ani1 New frames 1
[453.434]     Laser : new frame for LAS.0
[453.434]     src/laser.cpp 145 new_frame
[453.434]     Front Rack : new frame for FR.1.3.2
[453.434]     src/spot.cpp 692 new_frame
[453.434]     Vert. Beams : new frame for R15.0
[453.434]     src/spot.cpp 692 new_frame
[453.434]     Rack 2 : new frame for R40.0
[453.434]     src/spot.cpp 692 new_frame
[453.434]     SHEHDS Rack : new frame for BR2.0
[453.434]     src/spot.cpp 692 new_frame
[453.434]     Spider : new frame for SPI.0.0
[453.434]     src/spider.cpp 183 new_frame
[453.434]     Balise : Compute new spider1 frame
[453.434]     Redrayz : new frame for RED.2.4.2
[453.434]     Balise : fausse balise
[453.434]     Balise : Send frame...
[453.434]     Balise : Construct & send buffer for classical fixtures
[453.434]     src/spider.cpp 113 buffer
[453.434]     src/laser.cpp 16 buffer
[453.434]     Balise : Construct & send buffer for artnet pixels
[453.434]     Balise : Debug...
[453.434]     src/debug.cpp 367 display_curse
[453.434]     src/debug.cpp 81 disp_music_window
[453.434]     src/debug.cpp 238 disp_animation_window
[453.434]     src/debug.cpp 193 disp_output_window
[453.434]     src/music.cpp 181 _process_record
[453.434]     src/laser.cpp 16 buffer
[453.434]     src/debug.cpp 269 disp_general_window
[453.434]     src/debug.cpp 309 disp_console_window
[453.434]     Balise : Wait next frame...
[453.434]     src/music.cpp 181 _process_record
[453.434]     src/music.cpp 181 _process_record
[453.434]     src/main.cpp 121 main
[453.434]     Balise : ----------------------------Start new frame...
[453.459]     Balise : Record & process sample...
[453.459]     src/music.cpp 149 update
[453.459]     src/music.cpp 205 _update_beats
[453.459]     src/music.cpp 232 _update_state
[453.459]     src/music.cpp 300 _update_beat_threshold
[453.459]     Balise : Run animator...
[453.459]     Balise : Compute new frames...
[453.459]     LEDs : new frame for PIX.6.2.1
[453.459]     Balise : Addr LED Ani1 New frames...
[453.459]     Balise : Addr LED Ani1 New frames 1
[453.459]     Laser : new frame for LAS.0
[453.459]     src/laser.cpp 145 new_frame
[453.459]     Front Rack : new frame for FR.1.3.2
[453.459]     src/spot.cpp 692 new_frame
[453.459]     Vert. Beams : new frame for R15.0
[453.459]     src/spot.cpp 692 new_frame
[453.459]     Rack 2 : new frame for R40.0
[453.459]     src/spot.cpp 692 new_frame
[453.459]     SHEHDS Rack : new frame for BR2.0
[453.459]     src/spot.cpp 692 new_frame
[453.459]     Spider : new frame for SPI.0.0
[453.459]     src/spider.cpp 183 new_frame
[453.459]     Balise : Compute new spider1 frame
[453.459]     Redrayz : new frame for RED.2.4.2
[453.459]     Balise : fausse balise
[453.459]     Balise : Send frame...
[453.459]     Balise : Construct & send buffer for classical fixtures
[453.459]     src/spider.cpp 113 buffer
[453.459]     src/laser.cpp 16 buffer
[453.459]     Balise : Construct & send buffer for artnet pixels
[453.459]     Balise : Debug...
[453.459]     src/debug.cpp 367 display_curse
[453.459]     src/debug.cpp 81 disp_music_window
[453.459]     src/debug.cpp 238 disp_animation_window
[453.459]     src/debug.cpp 193 disp_output_window
[453.459]     src/laser.cpp 16 buffer
[453.459]     src/debug.cpp 269 disp_general_window
[453.459]     src/debug.cpp 309 disp_console_window
[453.459]     Balise : Wait next frame...
[453.459]     src/music.cpp 181 _process_record
[453.459]     src/music.cpp 181 _process_record
[453.459]     src/main.cpp 121 main
[453.459]     Balise : ----------------------------Start new frame...
[453.484]     Balise : Record & process sample...
[453.484]     src/music.cpp 149 update
[453.484]     src/music.cpp 205 _update_beats
[453.484]     src/music.cpp 232 _update_state
[453.484]     src/music.cpp 300 _update_beat_threshold
[453.484]     Balise : Run animator...
[453.484]     Balise : Compute new frames...
[453.484]     LEDs : new frame for PIX.6.2.1
[453.484]     Balise : Addr LED Ani1 New frames...
[453.484]     Balise : Addr LED Ani1 New frames 1
[453.484]     Laser : new frame for LAS.0
[453.484]     src/laser.cpp 145 new_frame
[453.484]     Front Rack : new frame for FR.1.3.2
[453.484]     src/spot.cpp 692 new_frame
[453.484]     Vert. Beams : new frame for R15.0
[453.484]     src/spot.cpp 692 new_frame
[453.484]     Rack 2 : new frame for R40.0
[453.484]     src/spot.cpp 692 new_frame
[453.484]     SHEHDS Rack : new frame for BR2.0
[453.484]     src/spot.cpp 692 new_frame
[453.484]     Spider : new frame for SPI.0.0
[453.484]     src/spider.cpp 183 new_frame
[453.484]     Balise : Compute new spider1 frame
[453.484]     Redrayz : new frame for RED.2.4.2
[453.484]     Balise : fausse balise
[453.484]     Balise : Send frame...
[453.484]     Balise : Construct & send buffer for classical fixtures
[453.484]     src/spider.cpp 113 buffer
[453.484]     src/laser.cpp 16 buffer
[453.484]     Balise : Construct & send buffer for artnet pixels
[453.484]     Balise : Debug...
[453.484]     src/debug.cpp 367 display_curse
[453.484]     src/debug.cpp 81 disp_music_window
[453.484]     src/debug.cpp 238 disp_animation_window
[453.484]     src/debug.cpp 193 disp_output_window
[453.484]     src/laser.cpp 16 buffer
[453.484]     src/debug.cpp 269 disp_general_window
[453.484]     src/debug.cpp 309 disp_console_window
[453.484]     Balise : Wait next frame...
[453.484]     src/music.cpp 181 _process_record
[453.484]     src/music.cpp 181 _process_record
[453.484]     src/main.cpp 121 main
[453.484]     Balise : ----------------------------Start new frame...
[453.509]     Balise : Record & process sample...
[453.509]     src/music.cpp 149 update
[453.509]     src/music.cpp 205 _update_beats
[453.509]     src/music.cpp 232 _update_state
[453.509]     src/music.cpp 300 _update_beat_threshold
[453.509]     Balise : Run animator...
[453.509]     Balise : Compute new frames...
[453.509]     LEDs : new frame for PIX.6.2.1
[453.509]     Balise : Addr LED Ani1 New frames...
[453.509]     Balise : Addr LED Ani1 New frames 1
[453.509]     Laser : new frame for LAS.0
[453.509]     src/laser.cpp 145 new_frame
[453.509]     Front Rack : new frame for FR.1.3.2
[453.509]     src/spot.cpp 692 new_frame
[453.509]     Vert. Beams : new frame for R15.0
[453.509]     src/spot.cpp 692 new_frame
[453.509]     Rack 2 : new frame for R40.0
[453.509]     src/spot.cpp 692 new_frame
[453.509]     SHEHDS Rack : new frame for BR2.0
[453.509]     src/spot.cpp 692 new_frame
[453.509]     Spider : new frame for SPI.0.0
[453.509]     src/spider.cpp 183 new_frame
[453.509]     Balise : Compute new spider1 frame
[453.509]     Redrayz : new frame for RED.2.4.2
[453.509]     Balise : fausse balise
[453.509]     Balise : Send frame...
[453.509]     Balise : Construct & send buffer for classical fixtures
[453.509]     src/spider.cpp 113 buffer
[453.509]     src/laser.cpp 16 buffer
[453.509]     Balise : Construct & send buffer for artnet pixels
[453.509]     Balise : Debug...
[453.509]     src/debug.cpp 367 display_curse
[453.509]     src/debug.cpp 81 disp_music_window
[453.509]     src/debug.cpp 238 disp_animation_window
[453.509]     src/debug.cpp 193 disp_output_window
[453.509]     src/music.cpp 181 _process_record
[453.509]     src/laser.cpp 16 buffer
[453.509]     src/debug.cpp 269 disp_general_window
[453.509]     src/debug.cpp 309 disp_console_window
[453.509]     Balise : Wait next frame...
[453.509]     src/music.cpp 181 _process_record
[453.509]     src/music.cpp 181 _process_record
[453.509]     src/main.cpp 121 main
[453.509]     Balise : ----------------------------Start new frame...
[453.535]     Balise : Record & process sample...
[453.535]     src/music.cpp 149 update
[453.535]     src/music.cpp 205 _update_beats
[453.535]     src/music.cpp 232 _update_state
[453.535]     src/music.cpp 300 _update_beat_threshold
[453.535]     Balise : Run animator...
[453.535]     Balise : Compute new frames...
[453.535]     LEDs : new frame for PIX.6.2.1
[453.535]     Balise : Addr LED Ani1 New frames...
[453.535]     Balise : Addr LED Ani1 New frames 1
[453.535]     Laser : new frame for LAS.0
[453.535]     src/laser.cpp 145 new_frame
[453.535]     Front Rack : new frame for FR.1.3.2
[453.535]     src/spot.cpp 692 new_frame
[453.535]     Vert. Beams : new frame for R15.0
[453.535]     src/spot.cpp 692 new_frame
[453.535]     Rack 2 : new frame for R40.0
[453.535]     src/spot.cpp 692 new_frame
[453.535]     SHEHDS Rack : new frame for BR2.0
[453.535]     src/spot.cpp 692 new_frame
[453.535]     Spider : new frame for SPI.0.0
[453.535]     src/spider.cpp 183 new_frame
[453.535]     Balise : Compute new spider1 frame
[453.535]     Redrayz : new frame for RED.2.4.2
[453.535]     Balise : fausse balise
[453.535]     Balise : Send frame...
[453.535]     Balise : Construct & send buffer for classical fixtures
[453.535]     src/spider.cpp 113 buffer
[453.535]     src/laser.cpp 16 buffer
[453.535]     Balise : Construct & send buffer for artnet pixels
[453.535]     Balise : Debug...
[453.535]     src/debug.cpp 367 display_curse
[453.535]     src/debug.cpp 81 disp_music_window
[453.535]     src/debug.cpp 238 disp_animation_window
[453.535]     src/debug.cpp 193 disp_output_window
[453.535]     src/laser.cpp 16 buffer
[453.535]     src/debug.cpp 269 disp_general_window
[453.535]     src/debug.cpp 309 disp_console_window
[453.535]     Balise : Wait next frame...
[453.535]     src/music.cpp 181 _process_record
[453.535]     src/music.cpp 181 _process_record
[453.535]     src/main.cpp 121 main
[453.535]     Balise : ----------------------------Start new frame...
[453.56]     Balise : Record & process sample...
[453.56]     src/music.cpp 149 update
[453.56]     src/music.cpp 205 _update_beats
[453.56]     src/music.cpp 232 _update_state
[453.56]     src/music.cpp 300 _update_beat_threshold
[453.56]     Balise : Run animator...
[453.56]     Balise : Compute new frames...
[453.56]     LEDs : new frame for PIX.6.2.1
[453.56]     Balise : Addr LED Ani1 New frames...
[453.56]     Balise : Addr LED Ani1 New frames 1
[453.56]     Laser : new frame for LAS.0
[453.56]     src/laser.cpp 145 new_frame
[453.56]     Front Rack : new frame for FR.1.3.2
[453.56]     src/spot.cpp 692 new_frame
[453.56]     Vert. Beams : new frame for R15.0
[453.56]     src/spot.cpp 692 new_frame
[453.56]     Rack 2 : new frame for R40.0
[453.56]     src/spot.cpp 692 new_frame
[453.56]     SHEHDS Rack : new frame for BR2.0
[453.56]     src/spot.cpp 692 new_frame
[453.56]     Spider : new frame for SPI.0.0
[453.56]     src/spider.cpp 183 new_frame
[453.56]     Balise : Compute new spider1 frame
[453.56]     Redrayz : new frame for RED.2.4.2
[453.56]     Balise : fausse balise
[453.56]     Balise : Send frame...
[453.56]     Balise : Construct & send buffer for classical fixtures
[453.56]     src/spider.cpp 113 buffer
[453.56]     src/laser.cpp 16 buffer
[453.56]     Balise : Construct & send buffer for artnet pixels
[453.56]     Balise : Debug...
[453.56]     src/debug.cpp 367 display_curse
[453.56]     src/debug.cpp 81 disp_music_window
[453.56]     src/debug.cpp 238 disp_animation_window
[453.56]     src/debug.cpp 193 disp_output_window
[453.56]     src/laser.cpp 16 buffer
[453.56]     src/debug.cpp 269 disp_general_window
[453.56]     src/debug.cpp 309 disp_console_window
[453.56]     Balise : Wait next frame...
[453.56]     src/music.cpp 181 _process_record
[453.56]     src/music.cpp 181 _process_record
[453.56]     src/main.cpp 121 main
[453.56]     Balise : ----------------------------Start new frame...
[453.585]     Balise : Record & process sample...
[453.585]     src/music.cpp 149 update
[453.585]     src/music.cpp 205 _update_beats
[453.585]     src/music.cpp 232 _update_state
[453.585]     src/music.cpp 300 _update_beat_threshold
[453.585]     Balise : Run animator...
[453.585]     Balise : Compute new frames...
[453.585]     LEDs : new frame for PIX.6.2.1
[453.585]     Balise : Addr LED Ani1 New frames...
[453.585]     Balise : Addr LED Ani1 New frames 1
[453.585]     src/music.cpp 181 _process_record
[453.585]     Laser : new frame for LAS.0
[453.585]     src/laser.cpp 145 new_frame
[453.585]     Front Rack : new frame for FR.1.3.2
[453.585]     src/spot.cpp 692 new_frame
[453.585]     Vert. Beams : new frame for R15.0
[453.585]     src/spot.cpp 692 new_frame
[453.585]     Rack 2 : new frame for R40.0
[453.585]     src/spot.cpp 692 new_frame
[453.585]     SHEHDS Rack : new frame for BR2.0
[453.585]     src/spot.cpp 692 new_frame
[453.585]     Spider : new frame for SPI.0.0
[453.585]     src/spider.cpp 183 new_frame
[453.585]     Balise : Compute new spider1 frame
[453.585]     Redrayz : new frame for RED.2.4.2
[453.585]     Balise : fausse balise
[453.585]     Balise : Send frame...
[453.585]     Balise : Construct & send buffer for classical fixtures
[453.585]     src/spider.cpp 113 buffer
[453.585]     src/laser.cpp 16 buffer
[453.585]     Balise : Construct & send buffer for artnet pixels
[453.585]     Balise : Debug...
[453.585]     src/debug.cpp 367 display_curse
[453.585]     src/debug.cpp 81 disp_music_window
[453.585]     src/debug.cpp 238 disp_animation_window
[453.585]     src/debug.cpp 193 disp_output_window
[453.585]     src/laser.cpp 16 buffer
[453.585]     src/debug.cpp 269 disp_general_window
[453.585]     src/debug.cpp 309 disp_console_window
[453.585]     Balise : Wait next frame...
[453.585]     src/music.cpp 181 _process_record
[453.585]     src/music.cpp 181 _process_record
[453.585]     src/main.cpp 121 main
[453.585]     Balise : ----------------------------Start new frame...
[453.61]     Balise : Record & process sample...
[453.61]     src/music.cpp 149 update
[453.61]     src/music.cpp 205 _update_beats
[453.61]     src/music.cpp 232 _update_state
[453.61]     src/music.cpp 300 _update_beat_threshold
[453.61]     Balise : Run animator...
[453.61]     Balise : Compute new frames...
[453.61]     LEDs : new frame for PIX.6.2.1
[453.61]     Balise : Addr LED Ani1 New frames...
[453.61]     Balise : Addr LED Ani1 New frames 1
[453.61]     Laser : new frame for LAS.0
[453.61]     src/laser.cpp 145 new_frame
[453.61]     Front Rack : new frame for FR.1.3.2
[453.61]     src/spot.cpp 692 new_frame
[453.61]     Vert. Beams : new frame for R15.0
[453.61]     src/spot.cpp 692 new_frame
[453.61]     Rack 2 : new frame for R40.0
[453.61]     src/spot.cpp 692 new_frame
[453.61]     SHEHDS Rack : new frame for BR2.0
[453.61]     src/spot.cpp 692 new_frame
[453.61]     Spider : new frame for SPI.0.0
[453.61]     src/spider.cpp 183 new_frame
[453.61]     Balise : Compute new spider1 frame
[453.61]     Redrayz : new frame for RED.2.4.2
[453.61]     Balise : fausse balise
[453.61]     Balise : Send frame...
[453.61]     Balise : Construct & send buffer for classical fixtures
[453.61]     src/spider.cpp 113 buffer
[453.61]     src/laser.cpp 16 buffer
[453.61]     Balise : Construct & send buffer for artnet pixels
[453.61]     Balise : Debug...
[453.61]     src/debug.cpp 367 display_curse
[453.61]     src/debug.cpp 81 disp_music_window
[453.61]     src/debug.cpp 238 disp_animation_window
[453.61]     src/debug.cpp 193 disp_output_window
[453.61]     src/laser.cpp 16 buffer
[453.61]     src/debug.cpp 269 disp_general_window
[453.61]     src/debug.cpp 309 disp_console_window
[453.61]     Balise : Wait next frame...
[453.61]     src/music.cpp 181 _process_record
[453.61]     src/music.cpp 181 _process_record
[453.61]     src/main.cpp 121 main
[453.61]     Balise : ----------------------------Start new frame...
[453.635]     Balise : Record & process sample...
[453.635]     src/music.cpp 149 update
[453.635]     src/music.cpp 205 _update_beats
[453.635]     src/music.cpp 232 _update_state
[453.635]     src/music.cpp 300 _update_beat_threshold
[453.635]     Balise : Run animator...
[453.635]     Balise : Compute new frames...
[453.635]     LEDs : new frame for PIX.6.2.1
[453.635]     Balise : Addr LED Ani1 New frames...
[453.635]     Balise : Addr LED Ani1 New frames 1
[453.635]     Laser : new frame for LAS.0
[453.635]     src/laser.cpp 145 new_frame
[453.635]     Front Rack : new frame for FR.1.3.2
[453.635]     src/spot.cpp 692 new_frame
[453.635]     Vert. Beams : new frame for R15.0
[453.635]     src/spot.cpp 692 new_frame
[453.635]     Rack 2 : new frame for R40.0
[453.635]     src/spot.cpp 692 new_frame
[453.635]     SHEHDS Rack : new frame for BR2.0
[453.635]     src/spot.cpp 692 new_frame
[453.635]     Spider : new frame for SPI.0.0
[453.635]     src/spider.cpp 183 new_frame
[453.635]     Balise : Compute new spider1 frame
[453.635]     Redrayz : new frame for RED.2.4.2
[453.635]     Balise : fausse balise
[453.635]     Balise : Send frame...
[453.635]     Balise : Construct & send buffer for classical fixtures
[453.635]     src/spider.cpp 113 buffer
[453.635]     src/laser.cpp 16 buffer
[453.635]     Balise : Construct & send buffer for artnet pixels
[453.635]     Balise : Debug...
[453.635]     src/debug.cpp 367 display_curse
[453.635]     src/debug.cpp 81 disp_music_window
[453.635]     src/debug.cpp 238 disp_animation_window
[453.635]     src/debug.cpp 193 disp_output_window
[453.635]     src/laser.cpp 16 buffer
[453.635]     src/debug.cpp 269 disp_general_window
[453.635]     src/debug.cpp 309 disp_console_window
[453.635]     Balise : Wait next frame...
[453.635]     src/music.cpp 181 _process_record
[453.635]     src/music.cpp 181 _process_record
[453.635]     src/music.cpp 181 _process_record
[453.635]     src/main.cpp 121 main
[453.635]     Balise : ----------------------------Start new frame...
[453.66]     Balise : Record & process sample...
[453.66]     src/music.cpp 149 update
[453.66]     src/music.cpp 205 _update_beats
[453.66]     src/music.cpp 232 _update_state
[453.66]     src/music.cpp 300 _update_beat_threshold
[453.66]     Balise : Run animator...
[453.66]     Balise : Compute new frames...
[453.66]     LEDs : new frame for PIX.6.2.1
[453.66]     Balise : Addr LED Ani1 New frames...
[453.66]     Balise : Addr LED Ani1 New frames 1
[453.66]     Laser : new frame for LAS.0
[453.66]     src/laser.cpp 145 new_frame
[453.66]     Front Rack : new frame for FR.1.3.2
[453.66]     src/spot.cpp 692 new_frame
[453.66]     Vert. Beams : new frame for R15.0
[453.66]     src/spot.cpp 692 new_frame
[453.66]     Rack 2 : new frame for R40.0
[453.66]     src/spot.cpp 692 new_frame
[453.66]     SHEHDS Rack : new frame for BR2.0
[453.66]     src/spot.cpp 692 new_frame
[453.66]     Spider : new frame for SPI.0.0
[453.66]     src/spider.cpp 183 new_frame
[453.66]     Balise : Compute new spider1 frame
[453.66]     Redrayz : new frame for RED.2.4.2
[453.66]     Balise : fausse balise
[453.66]     Balise : Send frame...
[453.66]     Balise : Construct & send buffer for classical fixtures
[453.66]     src/spider.cpp 113 buffer
[453.66]     src/laser.cpp 16 buffer
[453.66]     Balise : Construct & send buffer for artnet pixels
[453.66]     Balise : Debug...
[453.66]     src/debug.cpp 367 display_curse
[453.66]     src/debug.cpp 81 disp_music_window
[453.66]     src/debug.cpp 238 disp_animation_window
[453.66]     src/debug.cpp 193 disp_output_window
[453.66]     src/laser.cpp 16 buffer
[453.66]     src/debug.cpp 269 disp_general_window
[453.66]     src/debug.cpp 309 disp_console_window
[453.66]     Balise : Wait next frame...
[453.66]     src/music.cpp 181 _process_record
[453.66]     src/music.cpp 181 _process_record
[453.66]     src/main.cpp 121 main
[453.66]     Balise : ----------------------------Start new frame...
[453.685]     Balise : Record & process sample...
[453.685]     src/music.cpp 149 update
[453.685]     src/music.cpp 205 _update_beats
[453.685]     src/music.cpp 232 _update_state
[453.685]     src/music.cpp 300 _update_beat_threshold
[453.685]     Balise : Run animator...
[453.685]     Balise : Compute new frames...
[453.685]     LEDs : new frame for PIX.6.2.1
[453.685]     Balise : Addr LED Ani1 New frames...
[453.685]     Balise : Addr LED Ani1 New frames 1
[453.685]     Laser : new frame for LAS.0
[453.685]     src/laser.cpp 145 new_frame
[453.685]     Front Rack : new frame for FR.1.3.2
[453.685]     src/spot.cpp 692 new_frame
[453.685]     Vert. Beams : new frame for R15.0
[453.685]     src/spot.cpp 692 new_frame
[453.685]     Rack 2 : new frame for R40.0
[453.685]     src/spot.cpp 692 new_frame
[453.685]     SHEHDS Rack : new frame for BR2.0
[453.685]     src/spot.cpp 692 new_frame
[453.685]     Spider : new frame for SPI.0.0
[453.685]     src/spider.cpp 183 new_frame
[453.685]     Balise : Compute new spider1 frame
[453.685]     Redrayz : new frame for RED.2.4.2
[453.685]     Balise : fausse balise
[453.685]     Balise : Send frame...
[453.685]     Balise : Construct & send buffer for classical fixtures
[453.685]     src/spider.cpp 113 buffer
[453.685]     src/laser.cpp 16 buffer
[453.685]     Balise : Construct & send buffer for artnet pixels
[453.685]     Balise : Debug...
[453.685]     src/debug.cpp 367 display_curse
[453.685]     src/debug.cpp 81 disp_music_window
[453.685]     src/debug.cpp 238 disp_animation_window
[453.685]     src/debug.cpp 193 disp_output_window
[453.685]     src/laser.cpp 16 buffer
[453.685]     src/debug.cpp 269 disp_general_window
[453.685]     src/debug.cpp 309 disp_console_window
[453.685]     Balise : Wait next frame...
[453.685]     src/music.cpp 181 _process_record
[453.685]     src/music.cpp 181 _process_record
[453.685]     src/music.cpp 181 _process_record
[453.685]     src/main.cpp 121 main
[453.685]     Balise : ----------------------------Start new frame...
[453.711]     Balise : Record & process sample...
[453.711]     src/music.cpp 149 update
[453.711]     src/music.cpp 205 _update_beats
[453.711]     src/music.cpp 232 _update_state
[453.711]     src/music.cpp 300 _update_beat_threshold
[453.711]     Balise : Run animator...
[453.711]     Balise : Compute new frames...
[453.711]     LEDs : new frame for PIX.6.2.1
[453.711]     Balise : Addr LED Ani1 New frames...
[453.711]     Balise : Addr LED Ani1 New frames 1
[453.711]     Laser : new frame for LAS.0
[453.711]     src/laser.cpp 145 new_frame
[453.711]     Front Rack : new frame for FR.1.3.2
[453.711]     src/spot.cpp 692 new_frame
[453.711]     Vert. Beams : new frame for R15.0
[453.711]     src/spot.cpp 692 new_frame
[453.711]     Rack 2 : new frame for R40.0
[453.711]     src/spot.cpp 692 new_frame
[453.711]     SHEHDS Rack : new frame for BR2.0
[453.711]     src/spot.cpp 692 new_frame
[453.711]     Spider : new frame for SPI.0.0
[453.711]     src/spider.cpp 183 new_frame
[453.711]     Balise : Compute new spider1 frame
[453.711]     Redrayz : new frame for RED.2.4.2
[453.711]     Balise : fausse balise
[453.711]     Balise : Send frame...
[453.711]     Balise : Construct & send buffer for classical fixtures
[453.711]     src/spider.cpp 113 buffer
[453.711]     src/laser.cpp 16 buffer
[453.711]     Balise : Construct & send buffer for artnet pixels
[453.711]     Balise : Debug...
[453.711]     src/debug.cpp 367 display_curse
[453.711]     src/debug.cpp 81 disp_music_window
[453.711]     src/debug.cpp 238 disp_animation_window
[453.711]     src/debug.cpp 193 disp_output_window
[453.711]     src/laser.cpp 16 buffer
[453.711]     src/debug.cpp 269 disp_general_window
[453.711]     src/debug.cpp 309 disp_console_window
[453.711]     Balise : Wait next frame...
[453.711]     src/music.cpp 181 _process_record
[453.711]     src/music.cpp 181 _process_record
[453.711]     src/music.cpp 181 _process_record
[453.711]     src/main.cpp 121 main
[453.711]     Balise : ----------------------------Start new frame...
[453.736]     Balise : Record & process sample...
[453.736]     src/music.cpp 149 update
[453.736]     src/music.cpp 205 _update_beats
[453.736]     src/music.cpp 232 _update_state
[453.736]     src/music.cpp 300 _update_beat_threshold
[453.736]     Balise : Run animator...
[453.736]     Balise : Compute new frames...
[453.736]     LEDs : new frame for PIX.6.2.1
[453.736]     Balise : Addr LED Ani1 New frames...
[453.736]     Balise : Addr LED Ani1 New frames 1
[453.736]     Laser : new frame for LAS.0
[453.736]     src/laser.cpp 145 new_frame
[453.736]     Front Rack : new frame for FR.1.3.2
[453.736]     src/spot.cpp 692 new_frame
[453.736]     Vert. Beams : new frame for R15.0
[453.736]     src/spot.cpp 692 new_frame
[453.736]     Rack 2 : new frame for R40.0
[453.736]     src/spot.cpp 692 new_frame
[453.736]     SHEHDS Rack : new frame for BR2.0
[453.736]     src/spot.cpp 692 new_frame
[453.736]     Spider : new frame for SPI.0.0
[453.736]     src/spider.cpp 183 new_frame
[453.736]     Balise : Compute new spider1 frame
[453.736]     Redrayz : new frame for RED.2.4.2
[453.736]     Balise : fausse balise
[453.736]     Balise : Send frame...
[453.736]     Balise : Construct & send buffer for classical fixtures
[453.736]     src/spider.cpp 113 buffer
[453.736]     src/laser.cpp 16 buffer
[453.736]     Balise : Construct & send buffer for artnet pixels
[453.736]     Balise : Debug...
[453.736]     src/debug.cpp 367 display_curse
[453.736]     src/debug.cpp 81 disp_music_window
[453.736]     src/debug.cpp 238 disp_animation_window
[453.736]     src/debug.cpp 193 disp_output_window
[453.736]     src/laser.cpp 16 buffer
[453.736]     src/debug.cpp 269 disp_general_window
[453.736]     src/debug.cpp 309 disp_console_window
[453.736]     Balise : Wait next frame...
[453.736]     src/music.cpp 181 _process_record
[453.736]     src/music.cpp 181 _process_record
[453.736]     src/main.cpp 121 main
[453.736]     Balise : ----------------------------Start new frame...
[453.761]     Balise : Record & process sample...
[453.761]     src/music.cpp 149 update
[453.761]     src/music.cpp 205 _update_beats
[453.761]     src/music.cpp 232 _update_state
[453.761]     src/music.cpp 300 _update_beat_threshold
[453.761]     Balise : Run animator...
[453.761]     Balise : Compute new frames...
[453.761]     LEDs : new frame for PIX.6.2.1
[453.761]     Balise : Addr LED Ani1 New frames...
[453.761]     Balise : Addr LED Ani1 New frames 1
[453.761]     Laser : new frame for LAS.0
[453.761]     src/laser.cpp 145 new_frame
[453.761]     Front Rack : new frame for FR.1.3.2
[453.761]     src/spot.cpp 692 new_frame
[453.761]     Vert. Beams : new frame for R15.0
[453.761]     src/spot.cpp 692 new_frame
[453.761]     Rack 2 : new frame for R40.0
[453.761]     src/spot.cpp 692 new_frame
[453.761]     SHEHDS Rack : new frame for BR2.0
[453.761]     src/spot.cpp 692 new_frame
[453.761]     Spider : new frame for SPI.0.0
[453.761]     src/spider.cpp 183 new_frame
[453.761]     Balise : Compute new spider1 frame
[453.761]     Redrayz : new frame for RED.2.4.2
[453.761]     Balise : fausse balise
[453.761]     Balise : Send frame...
[453.761]     Balise : Construct & send buffer for classical fixtures
[453.761]     src/spider.cpp 113 buffer
[453.761]     src/laser.cpp 16 buffer
[453.761]     Balise : Construct & send buffer for artnet pixels
[453.761]     Balise : Debug...
[453.761]     src/debug.cpp 367 display_curse
[453.761]     src/debug.cpp 81 disp_music_window
[453.761]     src/debug.cpp 238 disp_animation_window
[453.761]     src/debug.cpp 193 disp_output_window
[453.761]     src/laser.cpp 16 buffer
[453.761]     src/debug.cpp 269 disp_general_window
[453.761]     src/debug.cpp 309 disp_console_window
[453.761]     Balise : Wait next frame...
[453.761]     src/music.cpp 181 _process_record
[453.761]     src/music.cpp 181 _process_record
[453.761]     src/main.cpp 121 main
[453.761]     Balise : ----------------------------Start new frame...
[453.786]     Balise : Record & process sample...
[453.786]     src/music.cpp 149 update
[453.786]     src/music.cpp 205 _update_beats
[453.786]     src/music.cpp 232 _update_state
[453.786]     src/music.cpp 300 _update_beat_threshold
[453.786]     Balise : Run animator...
[453.786]     Balise : Compute new frames...
[453.786]     LEDs : new frame for PIX.6.2.1
[453.786]     Balise : Addr LED Ani1 New frames...
[453.786]     Balise : Addr LED Ani1 New frames 1
[453.786]     Laser : new frame for LAS.0
[453.786]     src/laser.cpp 145 new_frame
[453.786]     Front Rack : new frame for FR.1.3.2
[453.786]     src/spot.cpp 692 new_frame
[453.786]     Vert. Beams : new frame for R15.0
[453.786]     src/spot.cpp 692 new_frame
[453.786]     Rack 2 : new frame for R40.0
[453.786]     src/spot.cpp 692 new_frame
[453.786]     SHEHDS Rack : new frame for BR2.0
[453.786]     src/spot.cpp 692 new_frame
[453.786]     Spider : new frame for SPI.0.0
[453.786]     src/spider.cpp 183 new_frame
[453.786]     Balise : Compute new spider1 frame
[453.786]     Redrayz : new frame for RED.2.4.2
[453.786]     Balise : fausse balise
[453.786]     Balise : Send frame...
[453.786]     Balise : Construct & send buffer for classical fixtures
[453.786]     src/spider.cpp 113 buffer
[453.786]     src/laser.cpp 16 buffer
[453.786]     Balise : Construct & send buffer for artnet pixels
[453.786]     Balise : Debug...
[453.786]     src/debug.cpp 367 display_curse
[453.786]     src/debug.cpp 81 disp_music_window
[453.786]     src/debug.cpp 238 disp_animation_window
[453.786]     src/debug.cpp 193 disp_output_window
[453.786]     src/laser.cpp 16 buffer
[453.786]     src/debug.cpp 269 disp_general_window
[453.786]     src/debug.cpp 309 disp_console_window
[453.786]     Balise : Wait next frame...
[453.786]     src/music.cpp 181 _process_record
[453.786]     src/music.cpp 181 _process_record
[453.786]     src/music.cpp 181 _process_record
[453.786]     src/main.cpp 121 main
[453.786]     Balise : ----------------------------Start new frame...
[453.811]     Balise : Record & process sample...
[453.811]     src/music.cpp 149 update
[453.811]     src/music.cpp 205 _update_beats
[453.811]     src/music.cpp 232 _update_state
[453.811]     src/music.cpp 300 _update_beat_threshold
[453.811]     Balise : Run animator...
[453.811]     Balise : Compute new frames...
[453.811]     LEDs : new frame for PIX.6.2.1
[453.811]     Balise : Addr LED Ani1 New frames...
[453.811]     Balise : Addr LED Ani1 New frames 1
[453.811]     Laser : new frame for LAS.0
[453.811]     src/laser.cpp 145 new_frame
[453.811]     Front Rack : new frame for FR.1.3.2
[453.811]     src/spot.cpp 692 new_frame
[453.811]     Vert. Beams : new frame for R15.0
[453.811]     src/spot.cpp 692 new_frame
[453.811]     Rack 2 : new frame for R40.0
[453.811]     src/spot.cpp 692 new_frame
[453.811]     SHEHDS Rack : new frame for BR2.0
[453.811]     src/spot.cpp 692 new_frame
[453.811]     Spider : new frame for SPI.0.0
[453.811]     src/spider.cpp 183 new_frame
[453.811]     Balise : Compute new spider1 frame
[453.811]     Redrayz : new frame for RED.2.4.2
[453.811]     Balise : fausse balise
[453.811]     Balise : Send frame...
[453.811]     Balise : Construct & send buffer for classical fixtures
[453.811]     src/spider.cpp 113 buffer
[453.811]     src/laser.cpp 16 buffer
[453.811]     Balise : Construct & send buffer for artnet pixels
[453.811]     Balise : Debug...
[453.811]     src/debug.cpp 367 display_curse
[453.811]     src/debug.cpp 81 disp_music_window
[453.811]     src/debug.cpp 238 disp_animation_window
[453.811]     src/debug.cpp 193 disp_output_window
[453.811]     src/laser.cpp 16 buffer
[453.811]     src/debug.cpp 269 disp_general_window
[453.811]     src/debug.cpp 309 disp_console_window
[453.811]     Balise : Wait next frame...
[453.811]     src/music.cpp 181 _process_record
[453.811]     src/music.cpp 181 _process_record
[453.811]     src/main.cpp 121 main
[453.811]     Balise : ----------------------------Start new frame...
[453.836]     Balise : Record & process sample...
[453.836]     src/music.cpp 149 update
[453.836]     src/music.cpp 205 _update_beats
[453.836]     src/music.cpp 232 _update_state
[453.836]     src/music.cpp 300 _update_beat_threshold
[453.836]     Balise : Run animator...
[453.836]     Balise : Compute new frames...
[453.836]     LEDs : new frame for PIX.6.2.1
[453.836]     Balise : Addr LED Ani1 New frames...
[453.836]     Balise : Addr LED Ani1 New frames 1
[453.836]     Laser : new frame for LAS.0
[453.836]     src/laser.cpp 145 new_frame
[453.836]     Front Rack : new frame for FR.1.3.2
[453.836]     src/spot.cpp 692 new_frame
[453.836]     Vert. Beams : new frame for R15.0
[453.836]     src/spot.cpp 692 new_frame
[453.836]     Rack 2 : new frame for R40.0
[453.836]     src/spot.cpp 692 new_frame
[453.836]     SHEHDS Rack : new frame for BR2.0
[453.836]     src/spot.cpp 692 new_frame
[453.836]     Spider : new frame for SPI.0.0
[453.836]     src/spider.cpp 183 new_frame
[453.836]     Balise : Compute new spider1 frame
[453.836]     Redrayz : new frame for RED.2.4.2
[453.836]     Balise : fausse balise
[453.836]     Balise : Send frame...
[453.836]     Balise : Construct & send buffer for classical fixtures
[453.836]     src/spider.cpp 113 buffer
[453.836]     src/laser.cpp 16 buffer
[453.836]     Balise : Construct & send buffer for artnet pixels
[453.836]     Balise : Debug...
[453.836]     src/debug.cpp 367 display_curse
[453.836]     src/debug.cpp 81 disp_music_window
[453.836]     src/debug.cpp 238 disp_animation_window
[453.836]     src/debug.cpp 193 disp_output_window
[453.836]     src/laser.cpp 16 buffer
[453.836]     src/debug.cpp 269 disp_general_window
[453.836]     src/debug.cpp 309 disp_console_window
[453.836]     Balise : Wait next frame...
[453.836]     src/music.cpp 181 _process_record
[453.836]     src/music.cpp 181 _process_record
[453.836]     src/main.cpp 121 main
[453.836]     Balise : ----------------------------Start new frame...
[453.861]     Balise : Record & process sample...
[453.861]     src/music.cpp 149 update
[453.861]     src/music.cpp 205 _update_beats
[453.861]     src/music.cpp 232 _update_state
[453.861]     src/music.cpp 300 _update_beat_threshold
[453.861]     Balise : Run animator...
[453.861]     Balise : Compute new frames...
[453.861]     LEDs : new frame for PIX.6.2.1
[453.861]     Balise : Addr LED Ani1 New frames...
[453.861]     Balise : Addr LED Ani1 New frames 1
[453.861]     Laser : new frame for LAS.0
[453.861]     src/laser.cpp 145 new_frame
[453.861]     Front Rack : new frame for FR.1.3.2
[453.861]     src/spot.cpp 692 new_frame
[453.861]     Vert. Beams : new frame for R15.0
[453.861]     src/spot.cpp 692 new_frame
[453.861]     Rack 2 : new frame for R40.0
[453.861]     src/spot.cpp 692 new_frame
[453.861]     SHEHDS Rack : new frame for BR2.0
[453.861]     src/spot.cpp 692 new_frame
[453.861]     Spider : new frame for SPI.0.0
[453.861]     src/spider.cpp 183 new_frame
[453.861]     Balise : Compute new spider1 frame
[453.861]     Redrayz : new frame for RED.2.4.2
[453.861]     Balise : fausse balise
[453.861]     Balise : Send frame...
[453.861]     Balise : Construct & send buffer for classical fixtures
[453.861]     src/spider.cpp 113 buffer
[453.861]     src/laser.cpp 16 buffer
[453.861]     Balise : Construct & send buffer for artnet pixels
[453.861]     Balise : Debug...
[453.861]     src/debug.cpp 367 display_curse
[453.861]     src/debug.cpp 81 disp_music_window
[453.861]     src/debug.cpp 238 disp_animation_window
[453.861]     src/debug.cpp 193 disp_output_window
[453.861]     src/laser.cpp 16 buffer
[453.861]     src/debug.cpp 269 disp_general_window
[453.861]     src/debug.cpp 309 disp_console_window
[453.861]     Balise : Wait next frame...
[453.861]     src/music.cpp 181 _process_record
[453.861]     src/music.cpp 181 _process_record
[453.861]     src/music.cpp 181 _process_record
[453.861]     src/main.cpp 121 main
[453.861]     Balise : ----------------------------Start new frame...
[453.886]     Balise : Record & process sample...
[453.886]     src/music.cpp 149 update
[453.886]     src/music.cpp 205 _update_beats
[453.886]     src/music.cpp 232 _update_state
[453.886]     src/music.cpp 300 _update_beat_threshold
[453.886]     Balise : Run animator...
[453.886]     Balise : Compute new frames...
[453.886]     LEDs : new frame for PIX.6.2.1
[453.886]     Balise : Addr LED Ani1 New frames...
[453.886]     Balise : Addr LED Ani1 New frames 1
[453.886]     Laser : new frame for LAS.0
[453.886]     src/laser.cpp 145 new_frame
[453.886]     Front Rack : new frame for FR.1.3.2
[453.886]     src/spot.cpp 692 new_frame
[453.886]     Vert. Beams : new frame for R15.0
[453.886]     src/spot.cpp 692 new_frame
[453.886]     Rack 2 : new frame for R40.0
[453.886]     src/spot.cpp 692 new_frame
[453.886]     SHEHDS Rack : new frame for BR2.0
[453.886]     src/spot.cpp 692 new_frame
[453.886]     Spider : new frame for SPI.0.0
[453.886]     src/spider.cpp 183 new_frame
[453.886]     Balise : Compute new spider1 frame
[453.886]     Redrayz : new frame for RED.2.4.2
[453.886]     Balise : fausse balise
[453.886]     Balise : Send frame...
[453.886]     Balise : Construct & send buffer for classical fixtures
[453.886]     src/spider.cpp 113 buffer
[453.886]     src/laser.cpp 16 buffer
[453.886]     Balise : Construct & send buffer for artnet pixels
[453.886]     Balise : Debug...
[453.886]     src/debug.cpp 367 display_curse
[453.886]     src/debug.cpp 81 disp_music_window
[453.886]     src/debug.cpp 238 disp_animation_window
[453.886]     src/debug.cpp 193 disp_output_window
[453.886]     src/laser.cpp 16 buffer
[453.886]     src/debug.cpp 269 disp_general_window
[453.886]     src/debug.cpp 309 disp_console_window
[453.886]     Balise : Wait next frame...
[453.886]     src/music.cpp 181 _process_record
[453.886]     src/music.cpp 181 _process_record
[453.886]     src/main.cpp 121 main
[453.886]     Balise : ----------------------------Start new frame...
[453.911]     Balise : Record & process sample...
[453.911]     src/music.cpp 149 update
[453.911]     src/music.cpp 205 _update_beats
[453.911]     src/music.cpp 232 _update_state
[453.911]     src/music.cpp 300 _update_beat_threshold
[453.911]     Balise : Run animator...
[453.911]     Balise : Compute new frames...
[453.911]     LEDs : new frame for PIX.6.2.1
[453.911]     Balise : Addr LED Ani1 New frames...
[453.911]     Balise : Addr LED Ani1 New frames 1
[453.911]     Laser : new frame for LAS.0
[453.911]     src/laser.cpp 145 new_frame
[453.911]     Front Rack : new frame for FR.1.3.2
[453.911]     src/spot.cpp 692 new_frame
[453.911]     Vert. Beams : new frame for R15.0
[453.911]     src/spot.cpp 692 new_frame
[453.911]     Rack 2 : new frame for R40.0
[453.911]     src/spot.cpp 692 new_frame
[453.911]     SHEHDS Rack : new frame for BR2.0
[453.911]     src/spot.cpp 692 new_frame
[453.911]     Spider : new frame for SPI.0.0
[453.911]     src/spider.cpp 183 new_frame
[453.911]     Balise : Compute new spider1 frame
[453.911]     Redrayz : new frame for RED.2.4.2
[453.911]     Balise : fausse balise
[453.911]     Balise : Send frame...
[453.911]     Balise : Construct & send buffer for classical fixtures
[453.911]     src/spider.cpp 113 buffer
[453.911]     src/laser.cpp 16 buffer
[453.911]     Balise : Construct & send buffer for artnet pixels
[453.911]     Balise : Debug...
[453.911]     src/debug.cpp 367 display_curse
[453.911]     src/debug.cpp 81 disp_music_window
[453.911]     src/debug.cpp 238 disp_animation_window
[453.911]     src/debug.cpp 193 disp_output_window
[453.911]     src/laser.cpp 16 buffer
[453.911]     src/debug.cpp 269 disp_general_window
[453.911]     src/debug.cpp 309 disp_console_window
[453.911]     Balise : Wait next frame...
[453.911]     src/music.cpp 181 _process_record
[453.911]     src/music.cpp 181 _process_record
[453.911]     src/main.cpp 121 main
[453.911]     Balise : ----------------------------Start new frame...
[453.936]     Balise : Record & process sample...
[453.936]     src/music.cpp 149 update
[453.936]     src/music.cpp 205 _update_beats
[453.936]     src/music.cpp 232 _update_state
[453.936]     src/music.cpp 300 _update_beat_threshold
[453.936]     Balise : Run animator...
[453.936]     Balise : Compute new frames...
[453.936]     LEDs : new frame for PIX.6.2.1
[453.936]     Balise : Addr LED Ani1 New frames...
[453.936]     Balise : Addr LED Ani1 New frames 1
[453.936]     Laser : new frame for LAS.0
[453.936]     src/laser.cpp 145 new_frame
[453.936]     Front Rack : new frame for FR.1.3.2
[453.936]     src/spot.cpp 692 new_frame
[453.936]     Vert. Beams : new frame for R15.0
[453.936]     src/spot.cpp 692 new_frame
[453.936]     Rack 2 : new frame for R40.0
[453.936]     src/spot.cpp 692 new_frame
[453.936]     SHEHDS Rack : new frame for BR2.0
[453.936]     src/spot.cpp 692 new_frame
[453.936]     Spider : new frame for SPI.0.0
[453.936]     src/spider.cpp 183 new_frame
[453.936]     Balise : Compute new spider1 frame
[453.936]     Redrayz : new frame for RED.2.4.2
[453.936]     Balise : fausse balise
[453.936]     Balise : Send frame...
[453.936]     Balise : Construct & send buffer for classical fixtures
[453.936]     src/spider.cpp 113 buffer
[453.936]     src/laser.cpp 16 buffer
[453.936]     Balise : Construct & send buffer for artnet pixels
[453.936]     Balise : Debug...
[453.936]     src/debug.cpp 367 display_curse
[453.936]     src/debug.cpp 81 disp_music_window
[453.936]     src/debug.cpp 238 disp_animation_window
[453.936]     src/debug.cpp 193 disp_output_window
[453.936]     src/laser.cpp 16 buffer
[453.936]     src/debug.cpp 269 disp_general_window
[453.936]     src/debug.cpp 309 disp_console_window
[453.936]     Balise : Wait next frame...
[453.936]     src/music.cpp 181 _process_record
[453.936]     src/music.cpp 181 _process_record
[453.936]     src/music.cpp 181 _process_record
[453.936]     src/main.cpp 121 main
[453.936]     Balise : ----------------------------Start new frame...
[453.962]     Balise : Record & process sample...
[453.962]     src/music.cpp 149 update
[453.962]     src/music.cpp 205 _update_beats
[453.962]     src/music.cpp 232 _update_state
[453.962]     src/music.cpp 300 _update_beat_threshold
[453.962]     Balise : Run animator...
[453.962]     Balise : Compute new frames...
[453.962]     LEDs : new frame for PIX.6.2.1
[453.962]     Balise : Addr LED Ani1 New frames...
[453.962]     Balise : Addr LED Ani1 New frames 1
[453.962]     Laser : new frame for LAS.0
[453.962]     src/laser.cpp 145 new_frame
[453.962]     Front Rack : new frame for FR.1.3.2
[453.962]     src/spot.cpp 692 new_frame
[453.962]     Vert. Beams : new frame for R15.0
[453.962]     src/spot.cpp 692 new_frame
[453.962]     Rack 2 : new frame for R40.0
[453.962]     src/spot.cpp 692 new_frame
[453.962]     SHEHDS Rack : new frame for BR2.0
[453.962]     src/spot.cpp 692 new_frame
[453.962]     Spider : new frame for SPI.0.0
[453.962]     src/spider.cpp 183 new_frame
[453.962]     Balise : Compute new spider1 frame
[453.962]     Redrayz : new frame for RED.2.4.2
[453.962]     Balise : fausse balise
[453.962]     Balise : Send frame...
[453.962]     Balise : Construct & send buffer for classical fixtures
[453.962]     src/spider.cpp 113 buffer
[453.962]     src/laser.cpp 16 buffer
[453.962]     Balise : Construct & send buffer for artnet pixels
[453.962]     Balise : Debug...
[453.962]     src/debug.cpp 367 display_curse
[453.962]     src/debug.cpp 81 disp_music_window
[453.962]     src/debug.cpp 238 disp_animation_window
[453.962]     src/debug.cpp 193 disp_output_window
[453.962]     src/laser.cpp 16 buffer
[453.962]     src/debug.cpp 269 disp_general_window
[453.962]     src/debug.cpp 309 disp_console_window
[453.962]     Balise : Wait next frame...
[453.962]     src/music.cpp 181 _process_record
[453.962]     src/music.cpp 181 _process_record
[453.962]     src/main.cpp 121 main
[453.962]     Balise : ----------------------------Start new frame...
[453.987]     Balise : Record & process sample...
[453.987]     src/music.cpp 149 update
[453.987]     src/music.cpp 205 _update_beats
[453.987]     src/music.cpp 232 _update_state
[453.987]     src/music.cpp 300 _update_beat_threshold
[453.987]     Balise : Run animator...
[453.987]     Balise : Compute new frames...
[453.987]     LEDs : new frame for PIX.6.2.1
[453.987]     Balise : Addr LED Ani1 New frames...
[453.987]     Balise : Addr LED Ani1 New frames 1
[453.987]     Laser : new frame for LAS.0
[453.987]     src/laser.cpp 145 new_frame
[453.987]     Front Rack : new frame for FR.1.3.2
[453.987]     src/spot.cpp 692 new_frame
[453.987]     Vert. Beams : new frame for R15.0
[453.987]     src/spot.cpp 692 new_frame
[453.987]     Rack 2 : new frame for R40.0
[453.987]     src/spot.cpp 692 new_frame
[453.987]     SHEHDS Rack : new frame for BR2.0
[453.987]     src/spot.cpp 692 new_frame
[453.987]     Spider : new frame for SPI.0.0
[453.987]     src/spider.cpp 183 new_frame
[453.987]     Balise : Compute new spider1 frame
[453.987]     Redrayz : new frame for RED.2.4.2
[453.987]     Balise : fausse balise
[453.987]     Balise : Send frame...
[453.987]     Balise : Construct & send buffer for classical fixtures
[453.987]     src/spider.cpp 113 buffer
[453.987]     src/laser.cpp 16 buffer
[453.987]     Balise : Construct & send buffer for artnet pixels
[453.987]     Balise : Debug...
[453.987]     src/debug.cpp 367 display_curse
[453.987]     src/debug.cpp 81 disp_music_window
[453.987]     src/debug.cpp 238 disp_animation_window
[453.987]     src/debug.cpp 193 disp_output_window
[453.987]     src/laser.cpp 16 buffer
[453.987]     src/debug.cpp 269 disp_general_window
[453.987]     src/debug.cpp 309 disp_console_window
[453.987]     Balise : Wait next frame...
[453.987]     src/music.cpp 181 _process_record
[453.987]     src/music.cpp 181 _process_record
[453.987]     src/main.cpp 121 main
[453.987]     Balise : ----------------------------Start new frame...
[454.012]     Balise : Record & process sample...
[454.012]     src/music.cpp 149 update
[454.012]     src/music.cpp 205 _update_beats
[454.012]     src/music.cpp 232 _update_state
[454.012]     src/music.cpp 300 _update_beat_threshold
[454.012]     Balise : Run animator...
[454.012]     Balise : Compute new frames...
[454.012]     LEDs : new frame for PIX.6.2.1
[454.012]     Balise : Addr LED Ani1 New frames...
[454.012]     Balise : Addr LED Ani1 New frames 1
[454.012]     Laser : new frame for LAS.0
[454.012]     src/laser.cpp 145 new_frame
[454.012]     Front Rack : new frame for FR.1.3.2
[454.012]     src/spot.cpp 692 new_frame
[454.012]     Vert. Beams : new frame for R15.0
[454.012]     src/spot.cpp 692 new_frame
[454.012]     Rack 2 : new frame for R40.0
[454.012]     src/spot.cpp 692 new_frame
[454.012]     SHEHDS Rack : new frame for BR2.0
[454.012]     src/spot.cpp 692 new_frame
[454.012]     Spider : new frame for SPI.0.0
[454.012]     src/spider.cpp 183 new_frame
[454.012]     Balise : Compute new spider1 frame
[454.012]     Redrayz : new frame for RED.2.4.2
[454.012]     Balise : fausse balise
[454.012]     Balise : Send frame...
[454.012]     Balise : Construct & send buffer for classical fixtures
[454.012]     src/spider.cpp 113 buffer
[454.012]     src/laser.cpp 16 buffer
[454.012]     Balise : Construct & send buffer for artnet pixels
[454.012]     Balise : Debug...
[454.012]     src/debug.cpp 367 display_curse
[454.012]     src/debug.cpp 81 disp_music_window
[454.012]     src/debug.cpp 238 disp_animation_window
[454.012]     src/debug.cpp 193 disp_output_window
[454.012]     src/laser.cpp 16 buffer
[454.012]     src/debug.cpp 269 disp_general_window
[454.012]     src/debug.cpp 309 disp_console_window
[454.012]     Balise : Wait next frame...
[454.012]     src/music.cpp 181 _process_record
[454.012]     src/music.cpp 181 _process_record
[454.012]     src/music.cpp 181 _process_record
[454.012]     src/main.cpp 121 main
[454.012]     Balise : ----------------------------Start new frame...
[454.037]     Balise : Record & process sample...
[454.037]     src/music.cpp 149 update
[454.037]     src/music.cpp 205 _update_beats
[454.037]     src/music.cpp 232 _update_state
[454.037]     src/music.cpp 300 _update_beat_threshold
[454.037]     Balise : Run animator...
[454.037]     Balise : Compute new frames...
[454.037]     LEDs : new frame for PIX.6.2.1
[454.037]     Balise : Addr LED Ani1 New frames...
[454.037]     Balise : Addr LED Ani1 New frames 1
[454.037]     Laser : new frame for LAS.0
[454.037]     src/laser.cpp 145 new_frame
[454.037]     Front Rack : new frame for FR.1.3.2
[454.037]     src/spot.cpp 692 new_frame
[454.037]     Vert. Beams : new frame for R15.0
[454.037]     src/spot.cpp 692 new_frame
[454.037]     Rack 2 : new frame for R40.0
[454.037]     src/spot.cpp 692 new_frame
[454.037]     SHEHDS Rack : new frame for BR2.0
[454.037]     src/spot.cpp 692 new_frame
[454.037]     Spider : new frame for SPI.0.0
[454.037]     src/spider.cpp 183 new_frame
[454.037]     Balise : Compute new spider1 frame
[454.037]     Redrayz : new frame for RED.2.4.2
[454.037]     Balise : fausse balise
[454.037]     Balise : Send frame...
[454.037]     Balise : Construct & send buffer for classical fixtures
[454.037]     src/spider.cpp 113 buffer
[454.037]     src/laser.cpp 16 buffer
[454.037]     Balise : Construct & send buffer for artnet pixels
[454.037]     Balise : Debug...
[454.037]     src/debug.cpp 367 display_curse
[454.037]     src/debug.cpp 81 disp_music_window
[454.037]     src/debug.cpp 238 disp_animation_window
[454.037]     src/debug.cpp 193 disp_output_window
[454.037]     src/laser.cpp 16 buffer
[454.037]     src/debug.cpp 269 disp_general_window
[454.037]     src/debug.cpp 309 disp_console_window
[454.037]     Balise : Wait next frame...
[454.037]     src/music.cpp 181 _process_record
[454.037]     src/music.cpp 181 _process_record
