[25654.6]     src/LED.cpp 112 buffer
[25654.6]     src/spider.cpp 113 buffer
[25654.6]     src/laser.cpp 16 buffer
[25654.6]     Balise : Construct & send buffer for artnet pixels
[25654.6]     Balise : Debug...
[25654.6]     src/debug.cpp 315 display_curse
[25654.6]     src/debug.cpp 77 disp_music_window
[25654.6]     src/debug.cpp 226 disp_animation_window
[25654.6]     src/debug.cpp 183 disp_output_window
[25654.6]     src/LED.cpp 112 buffer
[25654.6]     src/laser.cpp 16 buffer
[25654.6]     src/spider.cpp 113 buffer
[25654.6]     src/debug.cpp 257 disp_general_window
[25654.6]     src/debug.cpp 289 disp_console_window
[25654.6]     Balise : Wait next frame...
[25654.6]     src/main.cpp 262 main
[25654.6]     Balise : ----------------------------Start new frame...
[25654.6]     Balise : Record & process sample...
[25654.6]     src/music.cpp 34 update
[25654.6]     src/music.cpp 103 _update_beats
[25654.6]     src/music.cpp 131 _update_state
[25654.6]     src/music.cpp 189 _update_beat_threshold
[25654.6]     Balise : Run animator...
[25654.6]     Balise : Compute new frames...
[25654.6]     LEDs : new frame for PIX.0.0
[25654.6]     Balise : Addr LED Ani1 New frames...
[25654.6]     Balise : Addr LED Ani1 New frames 1
[25654.6]     Balise : Addr LED Ani1 New frames 1
[25654.6]     Balise : Addr LED Ani1 New frames 2
[25654.6]     Balise : Addr LED Ani1 New frames 3
[25654.6]     Balise : Addr LED Ani1 New frames 4
[25654.6]     Led Bars : new frame for LED.0.0
[25654.6]     src/LED.cpp 165 new_frame
[25654.6]     Laser : new frame for LAS.0
[25654.6]     src/laser.cpp 145 new_frame
[25654.6]     Front Rack : new frame for FR.0
[25654.6]     src/spot.cpp 690 new_frame
[25654.6]     Back Rack : new frame for BR.0
[25654.6]     src/spot.cpp 690 new_frame
[25654.6]     Spider : new frame for SPI.0.0
[25654.6]     src/spider.cpp 209 new_frame
[25654.6]     Balise : Compute new spider1 frame
[25654.6]     Balise : Send frame...
[25654.6]     Balise : Construct & send buffer for classical fixtures
[25654.6]     src/LED.cpp 112 buffer
[25654.6]     src/spider.cpp 113 buffer
[25654.6]     src/laser.cpp 16 buffer
[25654.6]     Balise : Construct & send buffer for artnet pixels
[25654.6]     Balise : Debug...
[25654.6]     src/debug.cpp 315 display_curse
[25654.6]     src/debug.cpp 77 disp_music_window
[25654.6]     src/debug.cpp 226 disp_animation_window
[25654.6]     src/debug.cpp 183 disp_output_window
[25654.6]     src/LED.cpp 112 buffer
[25654.6]     src/laser.cpp 16 buffer
[25654.6]     src/spider.cpp 113 buffer
[25654.6]     src/debug.cpp 257 disp_general_window
[25654.6]     src/debug.cpp 289 disp_console_window
[25654.6]     Balise : Wait next frame...
[25654.6]     src/main.cpp 262 main
[25654.6]     Balise : ----------------------------Start new frame...
[25654.7]     Balise : Record & process sample...
[25654.7]     src/music.cpp 34 update
[25654.7]     src/music.cpp 103 _update_beats
[25654.7]     src/music.cpp 131 _update_state
[25654.7]     src/music.cpp 189 _update_beat_threshold
[25654.7]     Balise : Run animator...
[25654.7]     Balise : Compute new frames...
[25654.7]     LEDs : new frame for PIX.0.0
[25654.7]     Balise : Addr LED Ani1 New frames...
[25654.7]     Balise : Addr LED Ani1 New frames 1
[25654.7]     Balise : Addr LED Ani1 New frames 1
[25654.7]     Balise : Addr LED Ani1 New frames 2
[25654.7]     Balise : Addr LED Ani1 New frames 3
[25654.7]     Balise : Addr LED Ani1 New frames 4
[25654.7]     Led Bars : new frame for LED.0.0
[25654.7]     src/LED.cpp 165 new_frame
[25654.7]     Laser : new frame for LAS.0
[25654.7]     src/laser.cpp 145 new_frame
[25654.7]     Front Rack : new frame for FR.0
[25654.7]     src/spot.cpp 690 new_frame
[25654.7]     Back Rack : new frame for BR.0
[25654.7]     src/spot.cpp 690 new_frame
[25654.7]     Spider : new frame for SPI.0.0
[25654.7]     src/spider.cpp 209 new_frame
[25654.7]     Balise : Compute new spider1 frame
[25654.7]     Balise : Send frame...
[25654.7]     Balise : Construct & send buffer for classical fixtures
[25654.7]     src/LED.cpp 112 buffer
[25654.7]     src/spider.cpp 113 buffer
[25654.7]     src/laser.cpp 16 buffer
[25654.7]     Balise : Construct & send buffer for artnet pixels
[25654.7]     Balise : Debug...
[25654.7]     src/debug.cpp 315 display_curse
[25654.7]     src/debug.cpp 77 disp_music_window
[25654.7]     src/debug.cpp 226 disp_animation_window
[25654.7]     src/debug.cpp 183 disp_output_window
[25654.7]     src/LED.cpp 112 buffer
[25654.7]     src/laser.cpp 16 buffer
[25654.7]     src/spider.cpp 113 buffer
[25654.7]     src/debug.cpp 257 disp_general_window
[25654.7]     src/debug.cpp 289 disp_console_window
[25654.7]     Balise : Wait next frame...
[25654.7]     src/main.cpp 262 main
[25654.7]     Balise : ----------------------------Start new frame...
[25654.7]     Balise : Record & process sample...
[25654.7]     src/music.cpp 34 update
[25654.7]     src/music.cpp 103 _update_beats
[25654.7]     src/music.cpp 131 _update_state
[25654.7]     src/music.cpp 189 _update_beat_threshold
[25654.7]     Balise : Run animator...
[25654.7]     Balise : Compute new frames...
[25654.7]     LEDs : new frame for PIX.0.0
[25654.7]     Balise : Addr LED Ani1 New frames...
[25654.7]     Balise : Addr LED Ani1 New frames 1
[25654.7]     Balise : Addr LED Ani1 New frames 1
[25654.7]     Balise : Addr LED Ani1 New frames 2
[25654.7]     Balise : Addr LED Ani1 New frames 3
[25654.7]     Balise : Addr LED Ani1 New frames 4
[25654.7]     Led Bars : new frame for LED.0.0
[25654.7]     src/LED.cpp 165 new_frame
[25654.7]     Laser : new frame for LAS.0
[25654.7]     src/laser.cpp 145 new_frame
[25654.7]     Front Rack : new frame for FR.0
[25654.7]     src/spot.cpp 690 new_frame
[25654.7]     Back Rack : new frame for BR.0
[25654.7]     src/spot.cpp 690 new_frame
[25654.7]     Spider : new frame for SPI.0.0
[25654.7]     src/spider.cpp 209 new_frame
[25654.7]     Balise : Compute new spider1 frame
[25654.7]     Balise : Send frame...
[25654.7]     Balise : Construct & send buffer for classical fixtures
[25654.7]     src/LED.cpp 112 buffer
[25654.7]     src/spider.cpp 113 buffer
[25654.7]     src/laser.cpp 16 buffer
[25654.7]     Balise : Construct & send buffer for artnet pixels
[25654.7]     Balise : Debug...
[25654.7]     src/debug.cpp 315 display_curse
[25654.7]     src/debug.cpp 77 disp_music_window
[25654.7]     src/debug.cpp 226 disp_animation_window
[25654.7]     src/debug.cpp 183 disp_output_window
[25654.7]     src/LED.cpp 112 buffer
[25654.7]     src/laser.cpp 16 buffer
[25654.7]     src/spider.cpp 113 buffer
[25654.7]     src/debug.cpp 257 disp_general_window
[25654.7]     src/debug.cpp 289 disp_console_window
[25654.7]     Balise : Wait next frame...
[25654.7]     src/main.cpp 262 main
[25654.7]     Balise : ----------------------------Start new frame...
[25654.7]     Balise : Record & process sample...
[25654.7]     src/music.cpp 34 update
[25654.7]     src/music.cpp 103 _update_beats
[25654.7]     src/music.cpp 131 _update_state
[25654.7]     src/music.cpp 189 _update_beat_threshold
[25654.7]     Balise : Run animator...
[25654.7]     Balise : Compute new frames...
[25654.7]     LEDs : new frame for PIX.0.0
[25654.7]     Balise : Addr LED Ani1 New frames...
[25654.7]     Balise : Addr LED Ani1 New frames 1
[25654.7]     Balise : Addr LED Ani1 New frames 1
[25654.7]     Balise : Addr LED Ani1 New frames 2
[25654.7]     Balise : Addr LED Ani1 New frames 3
[25654.7]     Balise : Addr LED Ani1 New frames 4
[25654.7]     Led Bars : new frame for LED.0.0
[25654.7]     src/LED.cpp 165 new_frame
[25654.7]     Laser : new frame for LAS.0
[25654.7]     src/laser.cpp 145 new_frame
[25654.7]     Front Rack : new frame for FR.0
[25654.7]     src/spot.cpp 690 new_frame
[25654.7]     Back Rack : new frame for BR.0
[25654.7]     src/spot.cpp 690 new_frame
[25654.7]     Spider : new frame for SPI.0.0
[25654.7]     src/spider.cpp 209 new_frame
[25654.7]     Balise : Compute new spider1 frame
[25654.7]     Balise : Send frame...
[25654.7]     Balise : Construct & send buffer for classical fixtures
[25654.7]     src/LED.cpp 112 buffer
[25654.7]     src/spider.cpp 113 buffer
[25654.7]     src/laser.cpp 16 buffer
[25654.7]     Balise : Construct & send buffer for artnet pixels
[25654.7]     Balise : Debug...
[25654.7]     src/debug.cpp 315 display_curse
[25654.7]     src/debug.cpp 77 disp_music_window
[25654.7]     src/debug.cpp 226 disp_animation_window
[25654.7]     src/debug.cpp 183 disp_output_window
[25654.7]     src/LED.cpp 112 buffer
[25654.7]     src/laser.cpp 16 buffer
[25654.7]     src/spider.cpp 113 buffer
[25654.7]     src/debug.cpp 257 disp_general_window
[25654.7]     src/debug.cpp 289 disp_console_window
[25654.7]     Balise : Wait next frame...
[25654.7]     src/main.cpp 262 main
[25654.7]     Balise : ----------------------------Start new frame...
[25654.7]     Balise : Record & process sample...
[25654.7]     src/music.cpp 34 update
[25654.7]     src/music.cpp 103 _update_beats
[25654.7]     src/music.cpp 131 _update_state
[25654.7]     src/music.cpp 189 _update_beat_threshold
[25654.7]     Balise : Run animator...
[25654.7]     Balise : Compute new frames...
[25654.7]     LEDs : new frame for PIX.0.0
[25654.7]     Balise : Addr LED Ani1 New frames...
[25654.7]     Balise : Addr LED Ani1 New frames 1
[25654.7]     Balise : Addr LED Ani1 New frames 1
[25654.7]     Balise : Addr LED Ani1 New frames 2
[25654.7]     Balise : Addr LED Ani1 New frames 3
[25654.7]     Balise : Addr LED Ani1 New frames 4
[25654.7]     Led Bars : new frame for LED.0.0
[25654.7]     src/LED.cpp 165 new_frame
[25654.7]     Laser : new frame for LAS.0
[25654.7]     src/laser.cpp 145 new_frame
[25654.7]     Front Rack : new frame for FR.0
[25654.7]     src/spot.cpp 690 new_frame
[25654.7]     Back Rack : new frame for BR.0
[25654.7]     src/spot.cpp 690 new_frame
[25654.7]     Spider : new frame for SPI.0.0
[25654.7]     src/spider.cpp 209 new_frame
[25654.7]     Balise : Compute new spider1 frame
[25654.7]     Balise : Send frame...
[25654.7]     Balise : Construct & send buffer for classical fixtures
[25654.7]     src/LED.cpp 112 buffer
[25654.7]     src/spider.cpp 113 buffer
[25654.7]     src/laser.cpp 16 buffer
[25654.7]     Balise : Construct & send buffer for artnet pixels
[25654.7]     Balise : Debug...
[25654.7]     src/debug.cpp 315 display_curse
[25654.7]     src/debug.cpp 77 disp_music_window
[25654.7]     src/debug.cpp 226 disp_animation_window
[25654.7]     src/debug.cpp 183 disp_output_window
[25654.7]     src/LED.cpp 112 buffer
[25654.7]     src/laser.cpp 16 buffer
[25654.7]     src/spider.cpp 113 buffer
[25654.7]     src/debug.cpp 257 disp_general_window
[25654.7]     src/debug.cpp 289 disp_console_window
[25654.7]     Balise : Wait next frame...
[25654.7]     src/main.cpp 262 main
[25654.7]     Balise : ----------------------------Start new frame...
[25654.8]     Balise : Record & process sample...
[25654.8]     src/music.cpp 34 update
[25654.8]     src/music.cpp 103 _update_beats
[25654.8]     src/music.cpp 131 _update_state
[25654.8]     src/music.cpp 189 _update_beat_threshold
[25654.8]     Balise : Run animator...
[25654.8]     Balise : Compute new frames...
[25654.8]     LEDs : new frame for PIX.0.0
[25654.8]     Balise : Addr LED Ani1 New frames...
[25654.8]     Balise : Addr LED Ani1 New frames 1
[25654.8]     Balise : Addr LED Ani1 New frames 1
[25654.8]     Balise : Addr LED Ani1 New frames 2
[25654.8]     Balise : Addr LED Ani1 New frames 3
[25654.8]     Balise : Addr LED Ani1 New frames 4
[25654.8]     Led Bars : new frame for LED.0.0
[25654.8]     src/LED.cpp 165 new_frame
[25654.8]     Laser : new frame for LAS.0
[25654.8]     src/laser.cpp 145 new_frame
[25654.8]     Front Rack : new frame for FR.0
[25654.8]     src/spot.cpp 690 new_frame
[25654.8]     Back Rack : new frame for BR.0
[25654.8]     src/spot.cpp 690 new_frame
[25654.8]     Spider : new frame for SPI.0.0
[25654.8]     src/spider.cpp 209 new_frame
[25654.8]     Balise : Compute new spider1 frame
[25654.8]     Balise : Send frame...
[25654.8]     Balise : Construct & send buffer for classical fixtures
[25654.8]     src/LED.cpp 112 buffer
[25654.8]     src/spider.cpp 113 buffer
[25654.8]     src/laser.cpp 16 buffer
[25654.8]     Balise : Construct & send buffer for artnet pixels
[25654.8]     Balise : Debug...
[25654.8]     src/debug.cpp 315 display_curse
[25654.8]     src/debug.cpp 77 disp_music_window
[25654.8]     src/debug.cpp 226 disp_animation_window
[25654.8]     src/debug.cpp 183 disp_output_window
[25654.8]     src/LED.cpp 112 buffer
[25654.8]     src/laser.cpp 16 buffer
[25654.8]     src/spider.cpp 113 buffer
[25654.8]     src/debug.cpp 257 disp_general_window
[25654.8]     src/debug.cpp 289 disp_console_window
[25654.8]     Balise : Wait next frame...
[25654.8]     src/main.cpp 262 main
[25654.8]     Balise : ----------------------------Start new frame...
[25654.8]     Balise : Record & process sample...
[25654.8]     src/music.cpp 34 update
[25654.8]     src/music.cpp 103 _update_beats
[25654.8]     src/music.cpp 131 _update_state
[25654.8]     src/music.cpp 189 _update_beat_threshold
[25654.8]     Balise : Run animator...
[25654.8]     Balise : Compute new frames...
[25654.8]     LEDs : new frame for PIX.0.0
[25654.8]     Balise : Addr LED Ani1 New frames...
[25654.8]     Balise : Addr LED Ani1 New frames 1
[25654.8]     Balise : Addr LED Ani1 New frames 1
[25654.8]     Balise : Addr LED Ani1 New frames 2
[25654.8]     Balise : Addr LED Ani1 New frames 3
[25654.8]     Balise : Addr LED Ani1 New frames 4
[25654.8]     Led Bars : new frame for LED.0.0
[25654.8]     src/LED.cpp 165 new_frame
[25654.8]     Laser : new frame for LAS.0
[25654.8]     src/laser.cpp 145 new_frame
[25654.8]     Front Rack : new frame for FR.0
[25654.8]     src/spot.cpp 690 new_frame
[25654.8]     Back Rack : new frame for BR.0
[25654.8]     src/spot.cpp 690 new_frame
[25654.8]     Spider : new frame for SPI.0.0
[25654.8]     src/spider.cpp 209 new_frame
[25654.8]     Balise : Compute new spider1 frame
[25654.8]     Balise : Send frame...
[25654.8]     Balise : Construct & send buffer for classical fixtures
[25654.8]     src/LED.cpp 112 buffer
[25654.8]     src/spider.cpp 113 buffer
[25654.8]     src/laser.cpp 16 buffer
[25654.8]     Balise : Construct & send buffer for artnet pixels
[25654.8]     Balise : Debug...
[25654.8]     src/debug.cpp 315 display_curse
[25654.8]     src/debug.cpp 77 disp_music_window
[25654.8]     src/debug.cpp 226 disp_animation_window
[25654.8]     src/debug.cpp 183 disp_output_window
[25654.8]     src/LED.cpp 112 buffer
[25654.8]     src/laser.cpp 16 buffer
[25654.8]     src/spider.cpp 113 buffer
[25654.8]     src/debug.cpp 257 disp_general_window
[25654.8]     src/debug.cpp 289 disp_console_window
[25654.8]     Balise : Wait next frame...
[25654.8]     src/main.cpp 262 main
[25654.8]     Balise : ----------------------------Start new frame...
[25654.8]     Balise : Record & process sample...
[25654.8]     src/music.cpp 34 update
[25654.8]     src/music.cpp 103 _update_beats
[25654.8]     src/music.cpp 131 _update_state
[25654.8]     src/music.cpp 189 _update_beat_threshold
[25654.8]     Balise : Run animator...
[25654.8]     Balise : Compute new frames...
[25654.8]     LEDs : new frame for PIX.0.0
[25654.8]     Balise : Addr LED Ani1 New frames...
[25654.8]     Balise : Addr LED Ani1 New frames 1
[25654.8]     Balise : Addr LED Ani1 New frames 1
[25654.8]     Balise : Addr LED Ani1 New frames 2
[25654.8]     Balise : Addr LED Ani1 New frames 3
[25654.8]     Balise : Addr LED Ani1 New frames 4
[25654.8]     Led Bars : new frame for LED.0.0
[25654.8]     src/LED.cpp 165 new_frame
[25654.8]     Laser : new frame for LAS.0
[25654.8]     src/laser.cpp 145 new_frame
[25654.8]     Front Rack : new frame for FR.0
[25654.8]     src/spot.cpp 690 new_frame
[25654.8]     Back Rack : new frame for BR.0
[25654.8]     src/spot.cpp 690 new_frame
[25654.8]     Spider : new frame for SPI.0.0
[25654.8]     src/spider.cpp 209 new_frame
[25654.8]     Balise : Compute new spider1 frame
[25654.8]     Balise : Send frame...
[25654.8]     Balise : Construct & send buffer for classical fixtures
[25654.8]     src/LED.cpp 112 buffer
[25654.8]     src/spider.cpp 113 buffer
[25654.8]     src/laser.cpp 16 buffer
[25654.8]     Balise : Construct & send buffer for artnet pixels
[25654.8]     Balise : Debug...
[25654.8]     src/debug.cpp 315 display_curse
[25654.8]     src/debug.cpp 77 disp_music_window
[25654.8]     src/debug.cpp 226 disp_animation_window
[25654.8]     src/debug.cpp 183 disp_output_window
[25654.8]     src/LED.cpp 112 buffer
[25654.8]     src/laser.cpp 16 buffer
[25654.8]     src/spider.cpp 113 buffer
[25654.8]     src/debug.cpp 257 disp_general_window
[25654.8]     src/debug.cpp 289 disp_console_window
[25654.8]     Balise : Wait next frame...
[25654.8]     src/main.cpp 262 main
[25654.8]     Balise : ----------------------------Start new frame...
[25654.8]     Balise : Record & process sample...
[25654.8]     src/music.cpp 34 update
[25654.8]     src/music.cpp 103 _update_beats
[25654.8]     src/music.cpp 131 _update_state
[25654.8]     src/music.cpp 189 _update_beat_threshold
[25654.8]     Balise : Run animator...
[25654.8]     Balise : Compute new frames...
[25654.8]     LEDs : new frame for PIX.0.0
[25654.8]     Balise : Addr LED Ani1 New frames...
[25654.8]     Balise : Addr LED Ani1 New frames 1
[25654.8]     Balise : Addr LED Ani1 New frames 1
[25654.8]     Balise : Addr LED Ani1 New frames 2
[25654.8]     Balise : Addr LED Ani1 New frames 3
[25654.8]     Balise : Addr LED Ani1 New frames 4
[25654.8]     Led Bars : new frame for LED.0.0
[25654.8]     src/LED.cpp 165 new_frame
[25654.8]     Laser : new frame for LAS.0
[25654.8]     src/laser.cpp 145 new_frame
[25654.8]     Front Rack : new frame for FR.0
[25654.8]     src/spot.cpp 690 new_frame
[25654.8]     Back Rack : new frame for BR.0
[25654.8]     src/spot.cpp 690 new_frame
[25654.8]     Spider : new frame for SPI.0.0
[25654.8]     src/spider.cpp 209 new_frame
[25654.8]     Balise : Compute new spider1 frame
[25654.8]     Balise : Send frame...
[25654.8]     Balise : Construct & send buffer for classical fixtures
[25654.8]     src/LED.cpp 112 buffer
[25654.8]     src/spider.cpp 113 buffer
[25654.8]     src/laser.cpp 16 buffer
[25654.8]     Balise : Construct & send buffer for artnet pixels
[25654.8]     Balise : Debug...
[25654.8]     src/debug.cpp 315 display_curse
[25654.8]     src/debug.cpp 77 disp_music_window
[25654.8]     src/debug.cpp 226 disp_animation_window
[25654.8]     src/debug.cpp 183 disp_output_window
[25654.8]     src/LED.cpp 112 buffer
[25654.8]     src/laser.cpp 16 buffer
[25654.8]     src/spider.cpp 113 buffer
[25654.8]     src/debug.cpp 257 disp_general_window
[25654.8]     src/debug.cpp 289 disp_console_window
[25654.8]     Balise : Wait next frame...
[25654.8]     src/main.cpp 262 main
[25654.8]     Balise : ----------------------------Start new frame...
[25654.9]     Balise : Record & process sample...
[25654.9]     src/music.cpp 34 update
[25654.9]     src/music.cpp 103 _update_beats
[25654.9]     src/music.cpp 131 _update_state
[25654.9]     src/music.cpp 189 _update_beat_threshold
[25654.9]     Balise : Run animator...
[25654.9]     Balise : Compute new frames...
[25654.9]     LEDs : new frame for PIX.0.0
[25654.9]     Balise : Addr LED Ani1 New frames...
[25654.9]     Balise : Addr LED Ani1 New frames 1
[25654.9]     Balise : Addr LED Ani1 New frames 1
[25654.9]     Balise : Addr LED Ani1 New frames 2
[25654.9]     Balise : Addr LED Ani1 New frames 3
[25654.9]     Balise : Addr LED Ani1 New frames 4
[25654.9]     Led Bars : new frame for LED.0.0
[25654.9]     src/LED.cpp 165 new_frame
[25654.9]     Laser : new frame for LAS.0
[25654.9]     src/laser.cpp 145 new_frame
[25654.9]     Front Rack : new frame for FR.0
[25654.9]     src/spot.cpp 690 new_frame
[25654.9]     Back Rack : new frame for BR.0
[25654.9]     src/spot.cpp 690 new_frame
[25654.9]     Spider : new frame for SPI.0.0
[25654.9]     src/spider.cpp 209 new_frame
[25654.9]     Balise : Compute new spider1 frame
[25654.9]     Balise : Send frame...
[25654.9]     Balise : Construct & send buffer for classical fixtures
[25654.9]     src/LED.cpp 112 buffer
[25654.9]     src/spider.cpp 113 buffer
[25654.9]     src/laser.cpp 16 buffer
[25654.9]     Balise : Construct & send buffer for artnet pixels
[25654.9]     Balise : Debug...
[25654.9]     src/debug.cpp 315 display_curse
[25654.9]     src/debug.cpp 77 disp_music_window
[25654.9]     src/debug.cpp 226 disp_animation_window
[25654.9]     src/debug.cpp 183 disp_output_window
[25654.9]     src/LED.cpp 112 buffer
[25654.9]     src/laser.cpp 16 buffer
[25654.9]     src/spider.cpp 113 buffer
[25654.9]     src/debug.cpp 257 disp_general_window
[25654.9]     src/debug.cpp 289 disp_console_window
[25654.9]     Balise : Wait next frame...
[25654.9]     src/main.cpp 262 main
[25654.9]     Balise : ----------------------------Start new frame...
[25654.9]     Balise : Record & process sample...
[25654.9]     src/music.cpp 34 update
[25654.9]     src/music.cpp 103 _update_beats
[25654.9]     src/music.cpp 131 _update_state
[25654.9]     src/music.cpp 189 _update_beat_threshold
[25654.9]     Balise : Run animator...
[25654.9]     Balise : Compute new frames...
[25654.9]     LEDs : new frame for PIX.0.0
[25654.9]     Balise : Addr LED Ani1 New frames...
[25654.9]     Balise : Addr LED Ani1 New frames 1
[25654.9]     Balise : Addr LED Ani1 New frames 1
[25654.9]     Balise : Addr LED Ani1 New frames 2
[25654.9]     Balise : Addr LED Ani1 New frames 3
[25654.9]     Balise : Addr LED Ani1 New frames 4
[25654.9]     Led Bars : new frame for LED.0.0
[25654.9]     src/LED.cpp 165 new_frame
[25654.9]     Laser : new frame for LAS.0
[25654.9]     src/laser.cpp 145 new_frame
[25654.9]     Front Rack : new frame for FR.0
[25654.9]     src/spot.cpp 690 new_frame
[25654.9]     Back Rack : new frame for BR.0
[25654.9]     src/spot.cpp 690 new_frame
[25654.9]     Spider : new frame for SPI.0.0
[25654.9]     src/spider.cpp 209 new_frame
[25654.9]     Balise : Compute new spider1 frame
[25654.9]     Balise : Send frame...
[25654.9]     Balise : Construct & send buffer for classical fixtures
[25654.9]     src/LED.cpp 112 buffer
[25654.9]     src/spider.cpp 113 buffer
[25654.9]     src/laser.cpp 16 buffer
[25654.9]     Balise : Construct & send buffer for artnet pixels
[25654.9]     Balise : Debug...
[25654.9]     src/debug.cpp 315 display_curse
[25654.9]     src/debug.cpp 77 disp_music_window
[25654.9]     src/debug.cpp 226 disp_animation_window
[25654.9]     src/debug.cpp 183 disp_output_window
[25654.9]     src/LED.cpp 112 buffer
[25654.9]     src/laser.cpp 16 buffer
[25654.9]     src/spider.cpp 113 buffer
[25654.9]     src/debug.cpp 257 disp_general_window
[25654.9]     src/debug.cpp 289 disp_console_window
[25654.9]     Balise : Wait next frame...
[25654.9]     src/main.cpp 262 main
[25654.9]     Balise : ----------------------------Start new frame...
[25654.9]     Balise : Record & process sample...
[25654.9]     src/music.cpp 34 update
[25654.9]     src/music.cpp 103 _update_beats
[25654.9]     src/music.cpp 131 _update_state
[25654.9]     src/music.cpp 189 _update_beat_threshold
[25654.9]     Balise : Run animator...
[25654.9]     Balise : Compute new frames...
[25654.9]     LEDs : new frame for PIX.0.0
[25654.9]     Balise : Addr LED Ani1 New frames...
[25654.9]     Balise : Addr LED Ani1 New frames 1
[25654.9]     Balise : Addr LED Ani1 New frames 1
[25654.9]     Balise : Addr LED Ani1 New frames 2
[25654.9]     Balise : Addr LED Ani1 New frames 3
[25654.9]     Balise : Addr LED Ani1 New frames 4
[25654.9]     Led Bars : new frame for LED.0.0
[25654.9]     src/LED.cpp 165 new_frame
[25654.9]     Laser : new frame for LAS.0
[25654.9]     src/laser.cpp 145 new_frame
[25654.9]     Front Rack : new frame for FR.0
[25654.9]     src/spot.cpp 690 new_frame
[25654.9]     Back Rack : new frame for BR.0
[25654.9]     src/spot.cpp 690 new_frame
[25654.9]     Spider : new frame for SPI.0.0
[25654.9]     src/spider.cpp 209 new_frame
[25654.9]     Balise : Compute new spider1 frame
[25654.9]     Balise : Send frame...
[25654.9]     Balise : Construct & send buffer for classical fixtures
[25654.9]     src/LED.cpp 112 buffer
[25654.9]     src/spider.cpp 113 buffer
[25654.9]     src/laser.cpp 16 buffer
[25654.9]     Balise : Construct & send buffer for artnet pixels
[25654.9]     Balise : Debug...
[25654.9]     src/debug.cpp 315 display_curse
[25654.9]     src/debug.cpp 77 disp_music_window
[25654.9]     src/debug.cpp 226 disp_animation_window
[25654.9]     src/debug.cpp 183 disp_output_window
[25654.9]     src/LED.cpp 112 buffer
[25654.9]     src/laser.cpp 16 buffer
[25654.9]     src/spider.cpp 113 buffer
[25654.9]     src/debug.cpp 257 disp_general_window
[25654.9]     src/debug.cpp 289 disp_console_window
[25654.9]     Balise : Wait next frame...
[25654.9]     src/main.cpp 262 main
[25654.9]     Balise : ----------------------------Start new frame...
[25654.9]     Balise : Record & process sample...
[25654.9]     src/music.cpp 34 update
[25654.9]     src/music.cpp 103 _update_beats
[25654.9]     src/music.cpp 131 _update_state
[25654.9]     src/music.cpp 189 _update_beat_threshold
[25654.9]     Balise : Run animator...
[25654.9]     Balise : Compute new frames...
[25654.9]     LEDs : new frame for PIX.0.0
[25654.9]     Balise : Addr LED Ani1 New frames...
[25654.9]     Balise : Addr LED Ani1 New frames 1
[25654.9]     Balise : Addr LED Ani1 New frames 1
[25654.9]     Balise : Addr LED Ani1 New frames 2
[25654.9]     Balise : Addr LED Ani1 New frames 3
[25654.9]     Balise : Addr LED Ani1 New frames 4
[25654.9]     Led Bars : new frame for LED.0.0
[25654.9]     src/LED.cpp 165 new_frame
[25654.9]     Laser : new frame for LAS.0
[25654.9]     src/laser.cpp 145 new_frame
[25654.9]     Front Rack : new frame for FR.0
[25654.9]     src/spot.cpp 690 new_frame
[25654.9]     Back Rack : new frame for BR.0
[25654.9]     src/spot.cpp 690 new_frame
[25654.9]     Spider : new frame for SPI.0.0
[25654.9]     src/spider.cpp 209 new_frame
[25654.9]     Balise : Compute new spider1 frame
[25654.9]     Balise : Send frame...
[25654.9]     Balise : Construct & send buffer for classical fixtures
[25654.9]     src/LED.cpp 112 buffer
[25654.9]     src/spider.cpp 113 buffer
[25654.9]     src/laser.cpp 16 buffer
[25654.9]     Balise : Construct & send buffer for artnet pixels
[25654.9]     Balise : Debug...
[25654.9]     src/debug.cpp 315 display_curse
[25654.9]     src/debug.cpp 77 disp_music_window
[25654.9]     src/debug.cpp 226 disp_animation_window
[25654.9]     src/debug.cpp 183 disp_output_window
[25654.9]     src/LED.cpp 112 buffer
[25654.9]     src/laser.cpp 16 buffer
[25654.9]     src/spider.cpp 113 buffer
[25654.9]     src/debug.cpp 257 disp_general_window
[25654.9]     src/debug.cpp 289 disp_console_window
[25654.9]     Balise : Wait next frame...
[25654.9]     src/main.cpp 262 main
[25654.9]     Balise : ----------------------------Start new frame...
[25655]     Balise : Record & process sample...
[25655]     src/music.cpp 34 update
[25655]     src/music.cpp 103 _update_beats
[25655]     src/music.cpp 131 _update_state
[25655]     src/music.cpp 189 _update_beat_threshold
[25655]     Balise : Run animator...
[25655]     Balise : Compute new frames...
[25655]     LEDs : new frame for PIX.0.0
[25655]     Balise : Addr LED Ani1 New frames...
[25655]     Balise : Addr LED Ani1 New frames 1
[25655]     Balise : Addr LED Ani1 New frames 1
[25655]     Balise : Addr LED Ani1 New frames 2
[25655]     Balise : Addr LED Ani1 New frames 3
[25655]     Balise : Addr LED Ani1 New frames 4
[25655]     Led Bars : new frame for LED.0.0
[25655]     src/LED.cpp 165 new_frame
[25655]     Laser : new frame for LAS.0
[25655]     src/laser.cpp 145 new_frame
[25655]     Front Rack : new frame for FR.0
[25655]     src/spot.cpp 690 new_frame
[25655]     Back Rack : new frame for BR.0
[25655]     src/spot.cpp 690 new_frame
[25655]     Spider : new frame for SPI.0.0
[25655]     src/spider.cpp 209 new_frame
[25655]     Balise : Compute new spider1 frame
[25655]     Balise : Send frame...
[25655]     Balise : Construct & send buffer for classical fixtures
[25655]     src/LED.cpp 112 buffer
[25655]     src/spider.cpp 113 buffer
[25655]     src/laser.cpp 16 buffer
[25655]     Balise : Construct & send buffer for artnet pixels
[25655]     Balise : Debug...
[25655]     src/debug.cpp 315 display_curse
[25655]     src/debug.cpp 77 disp_music_window
[25655]     src/debug.cpp 226 disp_animation_window
[25655]     src/debug.cpp 183 disp_output_window
[25655]     src/LED.cpp 112 buffer
[25655]     src/laser.cpp 16 buffer
[25655]     src/spider.cpp 113 buffer
[25655]     src/debug.cpp 257 disp_general_window
[25655]     src/debug.cpp 289 disp_console_window
[25655]     Balise : Wait next frame...
[25655]     src/main.cpp 262 main
[25655]     Balise : ----------------------------Start new frame...
[25655]     Balise : Record & process sample...
[25655]     src/music.cpp 34 update
[25655]     src/music.cpp 103 _update_beats
[25655]     src/music.cpp 131 _update_state
[25655]     src/music.cpp 189 _update_beat_threshold
[25655]     Balise : Run animator...
[25655]     Balise : Compute new frames...
[25655]     LEDs : new frame for PIX.0.0
[25655]     Balise : Addr LED Ani1 New frames...
[25655]     Balise : Addr LED Ani1 New frames 1
[25655]     Balise : Addr LED Ani1 New frames 1
[25655]     Balise : Addr LED Ani1 New frames 2
[25655]     Balise : Addr LED Ani1 New frames 3
[25655]     Balise : Addr LED Ani1 New frames 4
[25655]     Led Bars : new frame for LED.0.0
[25655]     src/LED.cpp 165 new_frame
[25655]     Laser : new frame for LAS.0
[25655]     src/laser.cpp 145 new_frame
[25655]     Front Rack : new frame for FR.0
[25655]     src/spot.cpp 690 new_frame
[25655]     Back Rack : new frame for BR.0
[25655]     src/spot.cpp 690 new_frame
[25655]     Spider : new frame for SPI.0.0
[25655]     src/spider.cpp 209 new_frame
[25655]     Balise : Compute new spider1 frame
[25655]     Balise : Send frame...
[25655]     Balise : Construct & send buffer for classical fixtures
[25655]     src/LED.cpp 112 buffer
[25655]     src/spider.cpp 113 buffer
[25655]     src/laser.cpp 16 buffer
[25655]     Balise : Construct & send buffer for artnet pixels
[25655]     Balise : Debug...
[25655]     src/debug.cpp 315 display_curse
[25655]     src/debug.cpp 77 disp_music_window
[25655]     src/debug.cpp 226 disp_animation_window
[25655]     src/debug.cpp 183 disp_output_window
[25655]     src/LED.cpp 112 buffer
[25655]     src/laser.cpp 16 buffer
[25655]     src/spider.cpp 113 buffer
[25655]     src/debug.cpp 257 disp_general_window
[25655]     src/debug.cpp 289 disp_console_window
[25655]     Balise : Wait next frame...
[25655]     src/main.cpp 262 main
[25655]     Balise : ----------------------------Start new frame...
[25655]     Balise : Record & process sample...
[25655]     src/music.cpp 34 update
[25655]     src/music.cpp 103 _update_beats
[25655]     src/music.cpp 131 _update_state
[25655]     src/music.cpp 189 _update_beat_threshold
[25655]     Balise : Run animator...
[25655]     Balise : Compute new frames...
[25655]     LEDs : new frame for PIX.0.0
[25655]     Balise : Addr LED Ani1 New frames...
[25655]     Balise : Addr LED Ani1 New frames 1
[25655]     Balise : Addr LED Ani1 New frames 1
[25655]     Balise : Addr LED Ani1 New frames 2
[25655]     Balise : Addr LED Ani1 New frames 3
[25655]     Balise : Addr LED Ani1 New frames 4
[25655]     Led Bars : new frame for LED.0.0
[25655]     src/LED.cpp 165 new_frame
[25655]     Laser : new frame for LAS.0
[25655]     src/laser.cpp 145 new_frame
[25655]     Front Rack : new frame for FR.0
[25655]     src/spot.cpp 690 new_frame
[25655]     Back Rack : new frame for BR.0
[25655]     src/spot.cpp 690 new_frame
[25655]     Spider : new frame for SPI.0.0
[25655]     src/spider.cpp 209 new_frame
[25655]     Balise : Compute new spider1 frame
[25655]     Balise : Send frame...
[25655]     Balise : Construct & send buffer for classical fixtures
[25655]     src/LED.cpp 112 buffer
[25655]     src/spider.cpp 113 buffer
[25655]     src/laser.cpp 16 buffer
[25655]     Balise : Construct & send buffer for artnet pixels
[25655]     Balise : Debug...
[25655]     src/debug.cpp 315 display_curse
[25655]     src/debug.cpp 77 disp_music_window
[25655]     src/debug.cpp 226 disp_animation_window
[25655]     src/debug.cpp 183 disp_output_window
[25655]     src/LED.cpp 112 buffer
[25655]     src/laser.cpp 16 buffer
[25655]     src/spider.cpp 113 buffer
[25655]     src/debug.cpp 257 disp_general_window
[25655]     src/debug.cpp 289 disp_console_window
[25655]     Balise : Wait next frame...
[25655]     src/main.cpp 262 main
[25655]     Balise : ----------------------------Start new frame...
[25655]     Balise : Record & process sample...
[25655]     src/music.cpp 34 update
[25655]     src/music.cpp 103 _update_beats
[25655]     src/music.cpp 131 _update_state
[25655]     src/music.cpp 189 _update_beat_threshold
[25655]     Balise : Run animator...
[25655]     Balise : Compute new frames...
[25655]     LEDs : new frame for PIX.0.0
[25655]     Balise : Addr LED Ani1 New frames...
[25655]     Balise : Addr LED Ani1 New frames 1
[25655]     Balise : Addr LED Ani1 New frames 1
[25655]     Balise : Addr LED Ani1 New frames 2
[25655]     Balise : Addr LED Ani1 New frames 3
[25655]     Balise : Addr LED Ani1 New frames 4
[25655]     Led Bars : new frame for LED.0.0
[25655]     src/LED.cpp 165 new_frame
[25655]     Laser : new frame for LAS.0
[25655]     src/laser.cpp 145 new_frame
[25655]     Front Rack : new frame for FR.0
[25655]     src/spot.cpp 690 new_frame
[25655]     Back Rack : new frame for BR.0
[25655]     src/spot.cpp 690 new_frame
[25655]     Spider : new frame for SPI.0.0
[25655]     src/spider.cpp 209 new_frame
[25655]     Balise : Compute new spider1 frame
[25655]     Balise : Send frame...
[25655]     Balise : Construct & send buffer for classical fixtures
[25655]     src/LED.cpp 112 buffer
[25655]     src/spider.cpp 113 buffer
[25655]     src/laser.cpp 16 buffer
[25655]     Balise : Construct & send buffer for artnet pixels
[25655]     Balise : Debug...
[25655]     src/debug.cpp 315 display_curse
[25655]     src/debug.cpp 77 disp_music_window
[25655]     src/debug.cpp 226 disp_animation_window
[25655]     src/debug.cpp 183 disp_output_window
[25655]     src/LED.cpp 112 buffer
[25655]     src/laser.cpp 16 buffer
[25655]     src/spider.cpp 113 buffer
[25655]     src/debug.cpp 257 disp_general_window
[25655]     src/debug.cpp 289 disp_console_window
[25655]     Balise : Wait next frame...
[25655]     src/main.cpp 262 main
[25655]     Balise : ----------------------------Start new frame...
[25655.1]     Balise : Record & process sample...
[25655.1]     src/music.cpp 34 update
[25655.1]     src/music.cpp 103 _update_beats
[25655.1]     src/music.cpp 131 _update_state
[25655.1]     src/music.cpp 189 _update_beat_threshold
[25655.1]     Balise : Run animator...
[25655.1]     Balise : Compute new frames...
[25655.1]     LEDs : new frame for PIX.0.0
[25655.1]     Balise : Addr LED Ani1 New frames...
[25655.1]     Balise : Addr LED Ani1 New frames 1
[25655.1]     Balise : Addr LED Ani1 New frames 1
[25655.1]     Balise : Addr LED Ani1 New frames 2
[25655.1]     Balise : Addr LED Ani1 New frames 3
[25655.1]     Balise : Addr LED Ani1 New frames 4
[25655.1]     Led Bars : new frame for LED.0.0
[25655.1]     src/LED.cpp 165 new_frame
[25655.1]     Laser : new frame for LAS.0
[25655.1]     src/laser.cpp 145 new_frame
[25655.1]     Front Rack : new frame for FR.0
[25655.1]     src/spot.cpp 690 new_frame
[25655.1]     Back Rack : new frame for BR.0
[25655.1]     src/spot.cpp 690 new_frame
[25655.1]     Spider : new frame for SPI.0.0
[25655.1]     src/spider.cpp 209 new_frame
[25655.1]     Balise : Compute new spider1 frame
[25655.1]     Balise : Send frame...
[25655.1]     Balise : Construct & send buffer for classical fixtures
[25655.1]     src/LED.cpp 112 buffer
[25655.1]     src/spider.cpp 113 buffer
[25655.1]     src/laser.cpp 16 buffer
[25655.1]     Balise : Construct & send buffer for artnet pixels
[25655.1]     Balise : Debug...
[25655.1]     src/debug.cpp 315 display_curse
[25655.1]     src/debug.cpp 77 disp_music_window
[25655.1]     src/debug.cpp 226 disp_animation_window
[25655.1]     src/debug.cpp 183 disp_output_window
[25655.1]     src/LED.cpp 112 buffer
[25655.1]     src/laser.cpp 16 buffer
[25655.1]     src/spider.cpp 113 buffer
[25655.1]     src/debug.cpp 257 disp_general_window
[25655.1]     src/debug.cpp 289 disp_console_window
[25655.1]     Balise : Wait next frame...
[25655.1]     src/main.cpp 262 main
[25655.1]     Balise : ----------------------------Start new frame...
[25655.1]     Balise : Record & process sample...
[25655.1]     src/music.cpp 34 update
[25655.1]     src/music.cpp 103 _update_beats
[25655.1]     src/music.cpp 131 _update_state
[25655.1]     src/music.cpp 189 _update_beat_threshold
[25655.1]     Balise : Run animator...
[25655.1]     Balise : Compute new frames...
[25655.1]     LEDs : new frame for PIX.0.0
[25655.1]     Balise : Addr LED Ani1 New frames...
[25655.1]     Balise : Addr LED Ani1 New frames 1
[25655.1]     Balise : Addr LED Ani1 New frames 1
[25655.1]     Balise : Addr LED Ani1 New frames 2
[25655.1]     Balise : Addr LED Ani1 New frames 3
[25655.1]     Balise : Addr LED Ani1 New frames 4
[25655.1]     Led Bars : new frame for LED.0.0
[25655.1]     src/LED.cpp 165 new_frame
[25655.1]     Laser : new frame for LAS.0
[25655.1]     src/laser.cpp 145 new_frame
[25655.1]     Front Rack : new frame for FR.0
[25655.1]     src/spot.cpp 690 new_frame
[25655.1]     Back Rack : new frame for BR.0
[25655.1]     src/spot.cpp 690 new_frame
[25655.1]     Spider : new frame for SPI.0.0
[25655.1]     src/spider.cpp 209 new_frame
[25655.1]     Balise : Compute new spider1 frame
[25655.1]     Balise : Send frame...
[25655.1]     Balise : Construct & send buffer for classical fixtures
[25655.1]     src/LED.cpp 112 buffer
[25655.1]     src/spider.cpp 113 buffer
[25655.1]     src/laser.cpp 16 buffer
[25655.1]     Balise : Construct & send buffer for artnet pixels
[25655.1]     Balise : Debug...
[25655.1]     src/debug.cpp 315 display_curse
[25655.1]     src/debug.cpp 77 disp_music_window
[25655.1]     src/debug.cpp 226 disp_animation_window
[25655.1]     src/debug.cpp 183 disp_output_window
[25655.1]     src/LED.cpp 112 buffer
[25655.1]     src/laser.cpp 16 buffer
[25655.1]     src/spider.cpp 113 buffer
[25655.1]     src/debug.cpp 257 disp_general_window
[25655.1]     src/debug.cpp 289 disp_console_window
[25655.1]     Balise : Wait next frame...
[25655.1]     Balise : Data has changed
[25655.1]     Balise : Running controled animator
[25655.1]     Balise : Running controled animator
[25655.1]     src/main.cpp 262 main
[25655.1]     Balise : ----------------------------Start new frame...
[25657.5]     Balise : Record & process sample...
[25657.5]     src/music.cpp 34 update
[25657.5]     src/music.cpp 103 _update_beats
[25657.5]     src/music.cpp 131 _update_state
[25657.5]     src/music.cpp 189 _update_beat_threshold
[25657.5]     Balise : Run animator...
[25657.5]     Balise : Compute new frames...
[25657.5]     LEDs : new frame for PIX.0.0
[25657.5]  New animation: 170, 76,  0,  0,  0,  0,  0,  0,255,  2,  0, 13, 39, 34,  0,255,  0,  0,  0,  0,  0,  0,  0,  0,  0,  0,  0,  0,  0,  0,  0,  0,  0,  0,  0,  0,  0,  0,  0,  0,  0,  0,  0,  0,  0,  0,  0,  0,  0,  0,  0,  0,  0,  0,  0,  0,  0,  0,  0,  0,  0,  0,  0,  0,  0,  0,  0,  0,  0,  0,  0,  0,  0,  0,  0,  0,  0,  0,  0,  0,  0,  0,  0,  0,  0,  0,  0,  0,  0,  0,  0,  0,  0,  0,  0,  0,  0,  0,  0,  0,  0,  0,  0,  0,  0,  0,  0,  0,  0,  0,  0,  0,  0,  0,  0,  0,  0,  0,  0,  0,  0,  0,  0,  0,  0,  0,  0,  0,  0,  0,  0,  0,  0,  0,  0,  0,  0,  0,  0,  0,  0,  0,  0,  0,  0,  0,  0,  0,  0,  0,  0,  0,  0,  0,  0,  0,  0,  0,  0,  0,  0,  0,  0,  0,  0,  0,  0,  0,  0,  0,  0,  0,  0,  0,  0,  0,  0,  0,  0,  0,  0,  0,  0,  0,  0,  0,  0,  0,  0,  0,  0,  0,  0,  0,  0,  0,  0,  0,  0,  0,  0,  0,  0,  0,  0,  0,  0,  0,  0,  0,  0,  0,  0,  0,  0,  0,  0,  0,  0,  0,  0,  0,  0,  0,  0,  0,  0,  0,  0,  0,  0,  0,  0,  0,  0,  0,  0,  0,  0,  0,  0,  0,  0,  0,  0,  0,  0,  0,  0,  0,  0,  0,  0,  0,  0,  0,  0,  0,  0,  0,  0,  0,  0,  0,  0,  0,  0,  0,  0,  0,  0,  0,  0,  0,  0,  0,  0,  0,  0,  0,  0,  0,  0,  0,  0,  0,  0,  0,  0,  0,  0,  0,  0,  0,  0,  0,  0,  0,  0,  0,  0,  0,  0,  0,  0,  0,  0,  0,  0,  0,  0,  0,  0,  0,  0,  0,  0,  0,  0,  0,  0,  0,  0,  0,  0,  0,  0,  0,  0,  0,  0,  0,  0,  0,  0,  0,  0,  0,  0,  0,  0,  0,  0,  0,  0,  0,  0,  0,  0,  0,  0,  0,  0,  0,  0,  0,  0,  0,  0,  0,  0,  0,  0,  0,  0,  0,  0,  0,  0,  0,  0,  0,  0,  0,  0,  0,  0,  0,  0,  0,  0,  0,  0,  0,  0,  0,  0,  0,  0,  0,  0,  0,  0,  0,  0,  0,  0,  0,  0,  0,  0,  0,  0,  0,  0,  0,  0,  0,  0,  0,  0,  0,  0,  0,  0,  0,  0,  0,  0,  0,  0,  0,  0,  0,  0,  0,  0,  0,  0,  0,  0,  0,  0,  0,  0,  0,  0,  0,  0,  0,  0,  0,  0,  0,  0,  0,  0,  0,  0,  0,  0,  0,  0,  0,  0,  0,  0,  0,  0,  0,  0,  0,  0,  0,  0,  0,  0,  0,  0,  0,  0,  0,  0,  0,  0,  0,  0,  0,  0,  0,  0,  0,  0,  0,  0,  0,  0,  0,  0,  0,  0,  0,  0,  0,  0,  0,  0,  0,  0,  0,  0,  0,  0,  0,  0,  0,  0,  0,  0,  0,  0,  0
[9219.4]     src/main.cpp 252 main
[9219.4]     Balise : Initialization...
[9219.4]     Balise : Init. ola...
[9219.4]     Balise : Init. Sampler...
[9219.4]     src/music.cpp 22 init
[9219.4]     Balise : Init Animator...
[9219.4]     src/animator.cpp init
[9219.4]     src/animator.cpp 359 activate_none
[9219.4]     src/spot.cpp 660 init Front Rack FR.0
[9219.4]     src/animator.cpp 359 activate_none
[9219.4]     src/spot.cpp 660 init Back Rack BR.0
[9219.4]     Balise : Init. fixtures...
[9219.4]     Balise : Initializing LEDs
[9219.4]     src/animator.cpp 359 activate_none
[9219.4]     Balise : Initializing Led Bars
[9219.4]     src/LED.cpp 18 init
[9219.4]     src/LED.cpp 155 init
[9219.4]  Activating LED.0.0: 
[9219.4]     Balise : LED animations created
[9219.4]     Balise : Initializing Laser
[9219.4]     src/laser.cpp 22 init
[9219.4]  Activating LAS.0: 
[9219.4]     Balise : Initializing Front Rack
[9219.4]     Balise : Initializing Back Rack
[9219.4]     Balise : Initializing Spider
[9219.4]     src/spider.cpp 20 init
[9219.4]     src/spider.cpp 146 RGBW
[9219.4]  Activating SPI.0.0: 
[9219.4]     Balise : Initializing Redray laser
[9282.27]     src/main.cpp 252 main
[9282.27]     Balise : Initialization...
[9282.27]     Balise : Init. ola...
[9282.27]     Balise : Init. Sampler...
[9282.27]     src/music.cpp 22 init
[9282.27]     Balise : Init Animator...
[9282.27]     src/animator.cpp init
[9282.27]     src/animator.cpp 359 activate_none
[9282.27]     src/spot.cpp 660 init Front Rack FR.0
[9282.27]     src/animator.cpp 359 activate_none
[9282.27]     src/spot.cpp 660 init Back Rack BR.0
[9282.27]     Balise : Init. fixtures...
[9282.27]     Balise : Initializing LEDs
[9282.27]     src/animator.cpp 359 activate_none
[9282.27]     Balise : Initializing Led Bars
[9282.27]     src/LED.cpp 18 init
[9282.27]     src/LED.cpp 155 init
[9282.27]  Activating LED.0.0: 
[9282.27]     Balise : LED animations created
[9282.27]     Balise : Initializing Laser
[9282.27]     src/laser.cpp 22 init
[9282.27]  Activating LAS.0: 
[9282.27]     Balise : Initializing Front Rack
[9282.27]     Balise : Initializing Back Rack
[9282.27]     Balise : Initializing Spider
[9282.27]     src/spider.cpp 20 init
[9282.27]     src/spider.cpp 146 RGBW
[9282.27]  Activating SPI.0.0: 
[9282.27]     Balise : Initializing Redray laser
[9823.29]     src/main.cpp 252 main
[9823.29]     Balise : Initialization...
[9823.29]     Balise : Init. ola...
[9823.29]     Balise : Init. Sampler...
[9823.29]     src/music.cpp 22 init
[9823.29]     Balise : Init Animator...
[9823.29]     src/animator.cpp init
[9823.29]     src/animator.cpp 359 activate_none
[9823.29]     src/spot.cpp 660 init Front Rack FR.0
[9823.29]     src/animator.cpp 359 activate_none
[9823.29]     src/spot.cpp 660 init Back Rack BR.0
[9823.29]     Balise : Init. fixtures...
[9823.29]     Balise : Initializing LEDs
[9823.29]     src/animator.cpp 359 activate_none
[9823.29]     Balise : Initializing Led Bars
[9823.29]     src/LED.cpp 18 init
[9823.29]     src/LED.cpp 155 init
[9823.29]  Activating LED.0.0: 
[9823.29]     Balise : LED animations created
[9823.29]     Balise : Initializing Laser
[9823.29]     src/laser.cpp 22 init
[9823.29]  Activating LAS.0: 
[9823.29]     Balise : Initializing Front Rack
[9823.29]     Balise : Initializing Back Rack
[9823.29]     Balise : Initializing Spider
[9823.29]     src/spider.cpp 20 init
[9823.29]     src/spider.cpp 146 RGBW
[9823.29]  Activating SPI.0.0: 
[9823.29]     Balise : Initializing Redray laser
[9823.29]     src/animator.cpp 359 activate_none
[2229.91]     src/main.cpp 255 main
[2229.91]     Balise : Initialization...
[2229.91]     Balise : PIX.10.1
[2229.91]     Balise : Init. ola...
[2229.91]     Balise : Init. Sampler...
[2229.91]     src/music.cpp 22 init
[2229.91]     Balise : Init Animator...
[2229.91]     src/animator.cpp init
[2229.91]     src/animator.cpp 359 activate_none
[2229.91]     src/spot.cpp 770 init Front Rack FR.0
[2229.91]     src/animator.cpp 359 activate_none
[2229.91]     src/spot.cpp 770 init Back Rack BR.0
[2229.91]     Balise : Init. fixtures...
[2229.91]     Balise : Initializing LEDs
[2229.91]     src/animator.cpp 359 activate_none
[2229.91]     src/animator.cpp 359 activate_none
[2229.91]     Balise : Initializing Laser
[2229.91]     src/laser.cpp 22 init
[2229.91]  Activating LAS.0: 
[2229.91]     src/animator.cpp 359 activate_none
[2229.91]     Balise : Initializing Front Rack
[2229.91]     src/animator.cpp 359 activate_none
[2229.91]     src/spot.cpp 770 init Front Rack FR.0
[2229.91]     Balise : Initializing Back Rack
[2229.91]     src/animator.cpp 359 activate_none
[2229.91]     src/spot.cpp 770 init Back Rack BR.0
[2229.91]     Balise : Initializing SHEHDS Rack 2
[2229.91]     src/animator.cpp 359 activate_none
[2229.91]     src/spot.cpp 770 init SHEHDS Rack 2 BR.0
[2229.91]     Balise : Initializing Spider
[2229.91]     src/spider.cpp 20 init
[2229.91]     src/spider.cpp 146 RGBW
[2229.91]  Activating SPI.0.0: 
[2229.91]     src/animator.cpp 359 activate_none
[2229.91]     Balise : Initializing Redray laser
[2229.91]     src/animator.cpp 359 activate_none
[2229.91]     src/animator.cpp 359 activate_none
[2229.91]     Balise : Init. Debug...
[2229.91]     src/debug.cpp 40 init_display
[2229.91]     Balise : Initalisation terminated with success !
[2229.91]     src/main.cpp 267 main
[2229.91]     Balise : ----------------------------Start new frame...
[2229.98]     Balise : Record & process sample...
[2229.98]     src/music.cpp 34 update
[2229.98]     src/music.cpp 104 _update_beats
[2229.98]     src/music.cpp 132 _update_state
[2229.98]     src/music.cpp 190 _update_beat_threshold
[2229.98]     Balise : Run animator...
[2229.98]     Balise : Run animator test fcn
[2229.98]     src/animator.cpp test_animation
[2229.98]     Balise : 1
[2229.98]     Balise : PIX.10.1
[2229.98]     Balise : LEDs
[2229.98]     src/animator.cpp 389 activate_by_ID
[2229.98]  Testing animation PIX.10.1
[2229.98]     Balise : Compute new frames...
[2229.98]     LEDs : new frame for PIX.10.1
[2229.98]   AddrLEDAnimation5::new_frame()
[2229.98]     Laser : new frame for LAS.0
[2229.98]     src/laser.cpp 145 new_frame
[2229.98]     Front Rack : new frame for FR.0
[2229.98]     src/spot.cpp 800 new_frame
[2229.98]     Back Rack : new frame for BR.0
[2229.98]     src/spot.cpp 800 new_frame
[2229.98]     SHEHDS Rack 2 : new frame for BR.0
[2229.98]     src/spot.cpp 800 new_frame
[2229.98]     Spider : new frame for SPI.0.0
[2229.98]     src/spider.cpp 209 new_frame
[2229.98]     Balise : Compute new spider1 frame
[2229.98]     Redray laser : new frame for RED.0
[2229.98]     Balise : Send frame...
[2229.98]     Balise : Construct & send buffer for classical fixtures
[2229.98]     src/spider.cpp 113 buffer
[2229.98]     src/laser.cpp 16 buffer
[2229.98]     Balise : Construct & send buffer for artnet pixels
[2229.98]     Balise : Debug...
[2229.98]     src/debug.cpp 318 display_curse
[2229.98]     src/debug.cpp 77 disp_music_window
[2229.98]     src/debug.cpp 229 disp_animation_window
[2229.98]     src/debug.cpp 186 disp_output_window
[2229.98]     src/laser.cpp 16 buffer
[2229.98]     src/spider.cpp 113 buffer
[2229.98]     src/debug.cpp 260 disp_general_window
[2229.98]     src/debug.cpp 292 disp_console_window
[2229.98]     Balise : Wait next frame...
[2229.98]     src/main.cpp 267 main
[2229.98]     Balise : ----------------------------Start new frame...
[2390.38]     Balise : Record & process sample...
[2390.38]     src/music.cpp 34 update
[2390.38]     src/music.cpp 104 _update_beats
[2390.38]     src/music.cpp 132 _update_state
[2390.38]     src/music.cpp 190 _update_beat_threshold
[2390.38]     Balise : Run animator...
[2390.38]     Balise : Compute new frames...
[2390.38]     LEDs : new frame for PIX.10.1
[2390.38]   AddrLEDAnimation5::new_frame()
[2390.38]     Laser : new frame for LAS.0
[2390.38]     src/laser.cpp 145 new_frame
[2390.38]     Front Rack : new frame for FR.0
[2390.38]     src/spot.cpp 800 new_frame
[2390.38]     Back Rack : new frame for BR.0
[2390.38]     src/spot.cpp 800 new_frame
[2390.38]     SHEHDS Rack 2 : new frame for BR.0
[2390.38]     src/spot.cpp 800 new_frame
[2390.38]     Spider : new frame for SPI.0.0
[2390.38]     src/spider.cpp 209 new_frame
[2390.38]     Balise : Compute new spider1 frame
[2390.38]     Redray laser : new frame for RED.0
[2390.38]     Balise : Send frame...
[2390.38]     Balise : Construct & send buffer for classical fixtures
[2390.38]     src/spider.cpp 113 buffer
[2390.38]     src/laser.cpp 16 buffer
[2390.38]     Balise : Construct & send buffer for artnet pixels
[2390.38]     Balise : Debug...
[2390.38]     src/debug.cpp 318 display_curse
[2390.38]     src/debug.cpp 77 disp_music_window
[2390.38]     src/debug.cpp 229 disp_animation_window
[2390.38]     src/debug.cpp 186 disp_output_window
[2390.38]     src/laser.cpp 16 buffer
[2390.38]     src/spider.cpp 113 buffer
[2390.38]     src/debug.cpp 260 disp_general_window
[2390.38]     src/debug.cpp 292 disp_console_window
[2390.38]     Balise : Wait next frame...
[2390.38]     src/main.cpp 267 main
[2390.38]     Balise : ----------------------------Start new frame...
[2390.55]     Balise : Record & process sample...
[2390.55]     src/music.cpp 34 update
[2390.55]     src/music.cpp 104 _update_beats
[2390.55]     src/music.cpp 132 _update_state
[2390.55]     src/music.cpp 190 _update_beat_threshold
[2390.55]     Balise : Run animator...
[2390.55]     Balise : Compute new frames...
[2390.55]     LEDs : new frame for PIX.10.1
[13417.6]  Init. of Spot 9 (@74) / Pixel size : 4
[13417.6]  Init. of Spot 1 (@82) / Pixel size : 4
[13417.6]  Init. of Spot 8 (@90) / Pixel size : 4
[13417.6]  Init. of Spot 3 (@98) / Pixel size : 4
[13417.6]  Init. of Spot 2 (@106) / Pixel size : 4
[13417.6]  Init. of Spot 4 (@114) / Pixel size : 4
[13417.6]  Init. of Spot 5 (@122) / Pixel size : 4
[13417.6]  Init. of Spot 6 (@130) / Pixel size : 4
[13417.6]  Init. of Spot 7 (@138) / Pixel size : 4
[13417.6]  Init. of Spot 10 (@146) / Pixel size : 4
[13417.6]  Init. of Spot 11 (@154) / Pixel size : 4
[13417.6]  Init. of Spot 12 (@162) / Pixel size : 4
[13417.6]  Init. of Spot 13 (@170) / Pixel size : 6
[13417.6]  Init. of Spot 14 (@180) / Pixel size : 6
[13417.6]  Init. of Spot 15 (@190) / Pixel size : 6
[13417.6]  Init. of Spot 16 (@200) / Pixel size : 6
[13417.6]  Init. of Spot 17 (@210) / Pixel size : 6
[13417.6]  Init. of Spot 18 (@220) / Pixel size : 6
[13417.6]  Init. of Spot 19 (@230) / Pixel size : 6
[13417.6]  Init. of Spot 20 (@240) / Pixel size : 6
[13417.6]     src/main.cpp 255 main
[13417.6]     Balise : Initialization...
[13417.6]     Balise : BR2.1.8
[13417.6]     Balise : Init. ola...
[13417.6]     Balise : Init. Sampler...
[13417.6]     src/music.cpp 22 init
[13417.6]     Balise : Init Animator...
[13417.6]     src/animator.cpp init
[13417.6]     src/animator.cpp 359 activate_none
[13417.6]     src/spot.cpp 785 init Front Rack FR.0
[13417.6]     src/animator.cpp 359 activate_none
[13417.6]     src/spot.cpp 785 init Back Rack BR.0
[13417.6]     Balise : Init. fixtures...
[13417.6]     Balise : Initializing LEDs
[13417.6]     src/animator.cpp 359 activate_none
[13417.6]     src/animator.cpp 359 activate_none
[13417.6]     Balise : Initializing Laser
[13417.6]     src/laser.cpp 22 init
[13417.6]  Activating LAS.0: 
[13417.6]     src/animator.cpp 359 activate_none
[13417.6]     Balise : Initializing Front Rack
[13417.6]     src/animator.cpp 359 activate_none
[13417.6]     src/spot.cpp 785 init Front Rack FR.0
[13417.6]     Balise : Initializing Back Rack
[13417.6]     src/animator.cpp 359 activate_none
[13417.6]     src/spot.cpp 785 init Back Rack BR.0
[13417.6]     Balise : Initializing SHEHDS Rack 2
[13417.6]     src/animator.cpp 359 activate_none
[13417.6]     src/spot.cpp 785 init SHEHDS Rack 2 BR2.0
[13417.6]     Balise : Initializing Spider
[13417.6]     src/spider.cpp 20 init
[13417.6]     src/spider.cpp 146 RGBW
[13417.6]  Activating SPI.0.0: 
[13417.6]     src/animator.cpp 359 activate_none
[13417.6]     Balise : Initializing Redray laser
[13417.6]     src/animator.cpp 359 activate_none
[13417.6]     src/animator.cpp 359 activate_none
[13417.6]     Balise : Init. Debug...
[13417.6]     src/debug.cpp 40 init_display
[13417.6]     Balise : Initalisation terminated with success !
[13417.6]     src/main.cpp 267 main
[13417.6]     Balise : ----------------------------Start new frame...
[13440.9]     Balise : Record & process sample...
[13440.9]     src/music.cpp 34 update
[13440.9]     src/music.cpp 104 _update_beats
[13440.9]     src/music.cpp 132 _update_state
[13440.9]     src/music.cpp 190 _update_beat_threshold
[13440.9]     Balise : Run animator...
[13440.9]     Balise : Run animator test fcn
[13440.9]     src/animator.cpp test_animation
[13440.9]     Balise : 1
[13440.9]     Balise : BR2.1.8
[13440.9]     Balise : LEDs
[13440.9]     src/animator.cpp 389 activate_by_ID
[13440.9]     Balise : Laser
[13440.9]     src/animator.cpp 389 activate_by_ID
[13440.9]     Balise : Front Rack
[13440.9]     src/animator.cpp 389 activate_by_ID
[13440.9]     Balise : Back Rack
[13440.9]     src/animator.cpp 389 activate_by_ID
[13440.9]     Balise : SHEHDS Rack 2
[13440.9]     src/animator.cpp 389 activate_by_ID
[13440.9]     src/spot.cpp 785 init SHEHDS Rack 2 BR2.1.8
[13440.9]  Testing animation BR2.1.8
[13440.9]     Balise : Compute new frames...
[13440.9]     LEDs : new frame for PIX.0.0
[13440.9]     Balise : Addr LED Ani1 New frames...
[13440.9]     Balise : Addr LED Ani1 New frames 1
[13440.9]     Laser : new frame for LAS.0
[13440.9]     src/laser.cpp 145 new_frame
[13440.9]     Front Rack : new frame for FR.0
[13440.9]     src/spot.cpp 815 new_frame
[13440.9]     Back Rack : new frame for BR.0
[13440.9]     src/spot.cpp 815 new_frame
[13440.9]     SHEHDS Rack 2 : new frame for BR2.1.8
[13440.9]     src/spot.cpp 815 new_frame
[13440.9]     Spider : new frame for SPI.0.0
[13440.9]     src/spider.cpp 209 new_frame
[13440.9]     Balise : Compute new spider1 frame
[13440.9]     Redray laser : new frame for RED.0
[13440.9]     Balise : Send frame...
[13440.9]     Balise : Construct & send buffer for classical fixtures
[13440.9]     src/spider.cpp 113 buffer
[13440.9]     src/laser.cpp 16 buffer
[13440.9]     Balise : Construct & send buffer for artnet pixels
[13440.9]     Balise : Debug...
[13440.9]     src/debug.cpp 318 display_curse
[13440.9]     src/debug.cpp 77 disp_music_window
[13440.9]     src/debug.cpp 229 disp_animation_window
[13440.9]     src/debug.cpp 186 disp_output_window
[13440.9]     src/laser.cpp 16 buffer
[13440.9]     src/spider.cpp 113 buffer
[13440.9]     src/debug.cpp 260 disp_general_window
[13440.9]     src/debug.cpp 292 disp_console_window
[13440.9]     Balise : Wait next frame...
[13440.9]     src/main.cpp 267 main
[13440.9]     Balise : ----------------------------Start new frame...
[13504.3]     Balise : Record & process sample...
[13504.3]     src/music.cpp 34 update
[13504.3]     src/music.cpp 104 _update_beats
[13504.3]     src/music.cpp 132 _update_state
[13504.3]     src/music.cpp 190 _update_beat_threshold
[13504.3]     Balise : Run animator...
[13504.3]     Balise : Compute new frames...
[13504.3]     LEDs : new frame for PIX.0.0
[13504.3]     Balise : Addr LED Ani1 New frames...
[13504.3]     Balise : Addr LED Ani1 New frames 1
[13504.3]     Laser : new frame for LAS.0
[13504.3]     src/laser.cpp 145 new_frame
[13504.3]     Front Rack : new frame for FR.0
[13504.3]     src/spot.cpp 815 new_frame
[13504.3]     Back Rack : new frame for BR.0
[13504.3]     src/spot.cpp 815 new_frame
[13504.3]     SHEHDS Rack 2 : new frame for BR2.1.8
[13504.3]     src/spot.cpp 815 new_frame
[13576.7]  Init. of Spot 9 (@74) / Pixel size : 4
[13576.7]  Init. of Spot 1 (@82) / Pixel size : 4
[13576.7]  Init. of Spot 8 (@90) / Pixel size : 4
[13576.7]  Init. of Spot 3 (@98) / Pixel size : 4
[13576.7]  Init. of Spot 2 (@106) / Pixel size : 4
[13576.7]  Init. of Spot 4 (@114) / Pixel size : 4
[13576.7]  Init. of Spot 5 (@122) / Pixel size : 4
[13576.7]  Init. of Spot 6 (@130) / Pixel size : 4
[13576.7]  Init. of Spot 7 (@138) / Pixel size : 4
[13576.7]  Init. of Spot 10 (@146) / Pixel size : 4
[13576.7]  Init. of Spot 11 (@154) / Pixel size : 4
[13576.7]  Init. of Spot 12 (@162) / Pixel size : 4
[8646.49]     src/main.cpp 255 main
[8646.49]     Balise : Initialization...
[8646.49]     Balise : Init. ola...
[8646.49]     Balise : Init. Sampler...
[8646.49]     src/music.cpp 69 init
[8646.49]     Balise : Init Animator...
[8646.49]     src/animator.cpp init
[8646.49]     src/animator.cpp 349 activate_none
[8646.49]     src/spot.cpp 659 init Front Rack FR.0
[8646.49]     src/animator.cpp 349 activate_none
[8646.49]     src/spot.cpp 659 init Back Rack BR.0
[8646.49]     Balise : Init. fixtures...
[8646.49]     Balise : Initializing Front Rack
[8646.49]     src/animator.cpp 349 activate_none
[8646.49]     src/spot.cpp 659 init Front Rack FR.0
[8646.49]     Balise : Init. Debug...
[8646.49]     src/debug.cpp 40 init_display
[8646.49]     Balise : Initalisation terminated with success !
[8646.49]     src/main.cpp 267 main
[8646.49]     Balise : ----------------------------Start new frame...
[8650.05]     Balise : Record & process sample...
[8650.05]     src/music.cpp 121 update
[8650.05]     src/music.cpp 205 _update_beats
[8650.05]     src/music.cpp 232 _update_state
[8650.05]     src/music.cpp 292 _update_beat_threshold
[8650.05]     Balise : Run animator...
[8650.05]     Balise : Run animator normal update
[8650.05]     Balise : src/animator.cpp 245animator palette update
[8650.05]  Front Rack activate_autocolor
[8650.05]     src/animator.cpp 349 activate_none
[8650.05]     src/spot.cpp 659 init Front Rack FR.0
[8650.05]   Candidates listed 
[8808.19]     src/main.cpp 255 main
[8808.19]     Balise : Initialization...
[8808.19]     Balise : Init. ola...
[8808.19]     Balise : Init. Sampler...
[8808.19]     src/music.cpp 69 init
[8808.19]     Balise : Init Animator...
[8808.19]     src/animator.cpp init
[8808.19]     src/animator.cpp 349 activate_none
[8808.19]     src/spot.cpp 659 init Front Rack FR.0
[8808.19]     src/animator.cpp 349 activate_none
[8808.19]     src/spot.cpp 659 init Back Rack BR.0
[8808.19]     Balise : Init. fixtures...
[8808.19]     Balise : Initializing Front Rack
[8808.19]     src/animator.cpp 349 activate_none
[8808.19]     src/spot.cpp 659 init Front Rack FR.0
[8808.19]     Balise : Init. Debug...
[8808.19]     src/debug.cpp 40 init_display
[8808.19]     Balise : Initalisation terminated with success !
[8808.19]     src/main.cpp 267 main
[8808.19]     Balise : ----------------------------Start new frame...
[8810.07]     Balise : Record & process sample...
[8810.07]     src/music.cpp 121 update
[8810.07]     src/music.cpp 205 _update_beats
[8810.07]     src/music.cpp 232 _update_state
[8810.07]     src/music.cpp 292 _update_beat_threshold
[8810.07]     Balise : Run animator...
[8810.07]     Balise : Run animator normal update
[8810.07]     Balise : src/animator.cpp 245animator palette update
[8810.07]  Front Rack activate_autocolor
[8810.07]     src/animator.cpp 349 activate_none
[8810.07]     src/spot.cpp 659 init Front Rack FR.0
[8901.07]     src/main.cpp 255 main
[8901.07]     Balise : Initialization...
[8901.07]     Balise : Init. ola...
[8901.07]     Balise : Init. Sampler...
[8901.07]     src/music.cpp 69 init
[8901.07]     Balise : Init Animator...
[8901.07]     src/animator.cpp init
